# Info: [9569]: Logging project transcript to file C:/HDS/CAD/CAD_lib/ps/lab3_fetch_unit_struct/lab3_fetch_unit_struct_impl_20/precision.log
# Info: [9569]: Logging suppressed messages transcript to file C:/HDS/CAD/CAD_lib/ps/lab3_fetch_unit_struct/lab3_fetch_unit_struct_impl_20/precision.log.suppressed
# Info: [9552]: Activated implementation lab3_fetch_unit_struct_impl_20 in project C:/HDS/CAD/CAD_lib/ps/lab3_fetch_unit_struct/lab3_fetch_unit_struct.psp.
# Info: [15300]: Setting up the design to use synthesis library "xis3.syn"
# Info: [580]: The global max fanout is currently set to 10000 for Xilinx - SPARTAN3.
# Info: [15326]: Setting Part to: "3s200ft256".
# Info: [15327]: Setting Process to: "4".
# Info: [7512]: The place and route tool for current technology is ISE.
# Info: [3022]: Reading file: C:/MentorGraphics/PS2018.1_64-bit/Mgc_home/pkgs/psr/techlibs/xis3.syn.
# Info: [639]: Loading library initialization file C:/MentorGraphics/PS2018.1_64-bit/Mgc_home/pkgs/psr/userware/xilinx_rename.tcl
# Info: XILINX
# Info: [40000]: vhdlorder, Release 2018a.17
# Info: [40000]: Files sorted successfully.
# Info: [40000]: hdl-analyze, Release RTLC-Precision 2018a.17
# Info: [42502]: Analyzing input file "C:/HDS/CAD/CAD_lib/hdl/mux_2_to_1_mixed.vhd" ...
# Info: [42502]: Analyzing input file "C:/HDS/CAD/CAD_lib/hdl/or_gate_behave.vhd" ...
# Info: [42502]: Analyzing input file "C:/HDS/CAD/CAD_lib/hdl/nop_ctrl_behav.vhd" ...
# Info: [42502]: Analyzing input file "C:/HDS/CAD/CAD_lib/hdl/read_ctrl_behav.vhd" ...
# Info: [42502]: Analyzing input file "C:/HDS/CAD/CAD_lib/hdl/Increment_mixed.vhd" ...
# Info: [42502]: Analyzing input file "C:/HDS/CAD/CAD_lib/hdl/reg_mixed.vhd" ...
# Info: [42502]: Analyzing input file "C:/HDS/CAD/CAD_lib/hdl/lab2_counter_mixed.vhd" ...
# Info: [42502]: Analyzing input file "C:/HDS/CAD/CAD_lib/hdl/not_gate_behave.vhd" ...
# Info: [42502]: Analyzing input file "C:/HDS/CAD/CAD_lib/hdl/lab3_fetch_unit_struct.vhd" ...
# Info: [662]: Current working directory: C:/HDS/CAD/CAD_lib/ps/lab3_fetch_unit_struct/lab3_fetch_unit_struct_impl_20.
# Info: [40000]: RTLC-Driver, Release RTLC-Precision 2018a.17
# Info: [40000]: Last compiled on Jun 28 2018 15:32:49
# Info: [44512]: Initializing...
# Info: [44504]: Partitioning design ....
# Info: [40000]: RTLCompiler, Release RTLC-Precision 2018a.17
# Info: [40000]: Last compiled on Jun 28 2018 15:52:40
# Info: [44512]: Initializing...
# Info: [44522]: Root Module CAD_lib.lab3_fetch_unit(struct){generic map (width => 32)}: Pre-processing...
# Info: [44506]: Module CAD_lib.mux_2_to_1(mixed){generic map (width => 32)}: Pre-processing...
# Info: [44506]: Module CAD_lib.or_gate(behave): Pre-processing...
# Info: [44506]: Module CAD_lib.pc_enable(behave): Pre-processing...
# Info: [44506]: Module CAD_lib.lab2_counter(mixed){generic map (width => 32)}: Pre-processing...
# Info: [44506]: Module CAD_lib.reg(mixed){generic map (width => 32)}: Pre-processing...
# Info: [44506]: Module CAD_lib.Increment(mixed){generic map (width => 32)}: Pre-processing...
# Info: [44506]: Module CAD_lib.read_ctrl(behav): Pre-processing...
# Info: [44506]: Module CAD_lib.nop_ctrl(behav): Pre-processing...
# Info: [44508]: Module CAD_lib.mux_2_to_1(mixed){generic map (width => 32)}: Compiling...
# Info: [44508]: Module CAD_lib.or_gate(behave): Compiling...
# Info: [44508]: Module CAD_lib.pc_enable(behave): Compiling...
# Info: [44508]: Module CAD_lib.reg(mixed){generic map (width => 32)}: Compiling...
# Info: [44508]: Module CAD_lib.Increment(mixed){generic map (width => 32)}: Compiling...
# Info: [44508]: Module CAD_lib.lab2_counter(mixed){generic map (width => 32)}: Compiling...
# Info: [44508]: Module CAD_lib.read_ctrl(behav): Compiling...
# Info: [44508]: Module CAD_lib.nop_ctrl(behav): Compiling...
# Warning: [45784]: "C:/HDS/CAD/CAD_lib/hdl/nop_ctrl_behav.vhd", line 26: Module CAD_lib.nop_ctrl(behav), Net(s) mdata[31:0]: Although this signal is not part of the sensitivity list of this block, it is being read. This may lead to simulation mismatch.
# Info: [44523]: Root Module CAD_lib.lab3_fetch_unit(struct){generic map (width => 32)}: Compiling...
# Info: [44842]: Compilation successfully completed.
# Info: [44856]: Total lines of RTL compiled: 235.
# Info: [44835]: Total CPU time for compilation: 0.3 secs.
# Info: [44513]: Overall running time for compilation: 0.0 secs.
# Info: [662]: Current working directory: C:/HDS/CAD/CAD_lib/ps/lab3_fetch_unit_struct/lab3_fetch_unit_struct_impl_20.
# Info: [15332]: Doing rtl optimizations.
# Info: [665]: Finished compiling design.
# Info: [662]: Current working directory: C:/HDS/CAD/CAD_lib/ps/lab3_fetch_unit_struct/lab3_fetch_unit_struct_impl_20.
# Info: [4557]: 3 Instances are flattened in hierarchical block .cad_lib.lab2_counter_32.mixed_unfold_1682.
# Info: [4557]: 2 Instances are flattened in hierarchical block .cad_lib.lab3_fetch_unit.struct.
# Info: [20013]: Precision will use 2 processor(s).
# Info: [15002]: Optimizing design view:.cad_lib.lab2_counter_32.mixed_unfold_1682
# Info: [15002]: Optimizing design view:.cad_lib.lab3_fetch_unit.struct
# Info: [8010]: Gated clock transformations: Begin...
# Info: [8010]: Gated clock transformations: End...
# Info: [8053]: Added global buffer BUFGP for Port port:clk
# Info: [3027]: Writing file: C:/HDS/CAD/CAD_lib/ps/lab3_fetch_unit_struct/lab3_fetch_unit_struct_impl_20/lab3_fetch_unit.edf.
# Info: [3027]: Writing file: C:/HDS/CAD/CAD_lib/ps/lab3_fetch_unit_struct/lab3_fetch_unit_struct_impl_20/lab3_fetch_unit.ucf.
# Info: [665]: Finished synthesizing design.
# Info: [11019]: Total CPU time for synthesis: 1.0 s secs.
# Info: [11020]: Overall running time for synthesis: 1.1 s secs.
# Info: HDL Designer Synthesis run finished
source C:/HDS/CAD/CAD_lib/ps/lab3_fetch_unit_struct/hds/precision.tcl
# COMMAND: report_area C:/HDS/CAD/CAD_lib/ps/lab3_fetch_unit_struct/lab3_fetch_unit_struct_impl_20/lab3_fetch_unit_area.rep -cell_usage
report_area C:/HDS/CAD/CAD_lib/ps/lab3_fetch_unit_struct/lab3_fetch_unit_struct_impl_20/lab3_fetch_unit_area.rep -cell_usage
# COMMAND: exit -force
# Warning: [9526]: Discarded unsaved work in implementation lab3_fetch_unit_struct_impl_20.
