# Info: [9569]: Logging project transcript to file C:/HDS/CAD/CAD_lib/ps/lab2_counter_mixed/lab2_counter_mixed_impl_17/precision.log
# Info: [9569]: Logging suppressed messages transcript to file C:/HDS/CAD/CAD_lib/ps/lab2_counter_mixed/lab2_counter_mixed_impl_17/precision.log.suppressed
# Info: [9552]: Activated implementation lab2_counter_mixed_impl_17 in project C:/HDS/CAD/CAD_lib/ps/lab2_counter_mixed/lab2_counter_mixed.psp.
# Info: [15300]: Setting up the design to use synthesis library "maxv.syn"
# Info: [580]: The global max fanout is currently set to 1000 for Altera - MAX V .
# Info: [15326]: Setting Part to: "5M2210ZF324A".
# Info: [15327]: Setting Process to: "5".
# Info: [3022]: Reading file: C:/MentorGraphics/PS2018.1_64-bit/Mgc_home/pkgs/psr/techlibs/maxv.syn.
# Info: [639]: Loading library initialization file C:/MentorGraphics/PS2018.1_64-bit/Mgc_home/pkgs/psr/userware/yeager_rename.tcl
# Info: [40000]: vhdlorder, Release 2018a.17
# Info: [40000]: Files sorted successfully.
# Info: [40000]: hdl-analyze, Release RTLC-Precision 2018a.17
# Info: [42502]: Analyzing input file "C:/HDS/CAD/CAD_lib/hdl/Increment_mixed.vhd" ...
# Info: [42502]: Analyzing input file "C:/HDS/CAD/CAD_lib/hdl/mux_2_to_1_mixed.vhd" ...
# Info: [42502]: Analyzing input file "C:/HDS/CAD/CAD_lib/hdl/reg_mixed.vhd" ...
# Info: [42502]: Analyzing input file "C:/HDS/CAD/CAD_lib/hdl/lab2_counter_mixed.vhd" ...
# Error: [42512]: "C:/HDS/CAD/CAD_lib/hdl/lab2_counter_mixed.vhd", line 50: Use of undeclared identifier 'wire_reg_to_inc_to_mux'
# Error: [40008]: HDL analysis failed.
# Info: HDL Designer Synthesis run finished
source C:/HDS/CAD/CAD_lib/ps/lab2_counter_mixed/hds/precision.tcl
# COMMAND: exit -force
# Warning: [9526]: Discarded unsaved work in implementation lab2_counter_mixed_impl_17.
# Info: [9568]: Appending project transcript to file C:/HDS/CAD/CAD_lib/ps/lab2_counter_mixed/lab2_counter_mixed_impl_17/precision.log
# Info: [9568]: Appending suppressed messages transcript to file C:/HDS/CAD/CAD_lib/ps/lab2_counter_mixed/lab2_counter_mixed_impl_17/precision.log.suppressed
# Info: [9552]: Activated implementation lab2_counter_mixed_impl_17 in project C:/HDS/CAD/CAD_lib/ps/lab2_counter_mixed/lab2_counter_mixed.psp.
# Info: [9531]: Created directory: C:/HDS/CAD/CAD_lib/ps/lab2_counter_mixed/lab2_counter_mixed_impl_18.
# Info: [9557]: Created implementation lab2_counter_mixed_impl_18 in project C:/HDS/CAD/CAD_lib/ps/lab2_counter_mixed/lab2_counter_mixed.psp.
