# Info: [9569]: Logging project transcript to file C:/HDS/CAD/CAD_lib/ps/lab9_reg_tracker_behav/lab9_reg_tracker_behav_impl_9/precision.log
# Info: [9569]: Logging suppressed messages transcript to file C:/HDS/CAD/CAD_lib/ps/lab9_reg_tracker_behav/lab9_reg_tracker_behav_impl_9/precision.log.suppressed
# Info: [9552]: Activated implementation lab9_reg_tracker_behav_impl_9 in project C:/HDS/CAD/CAD_lib/ps/lab9_reg_tracker_behav/lab9_reg_tracker_behav.psp.
# Info: [15300]: Setting up the design to use synthesis library "xis3.syn"
# Info: [580]: The global max fanout is currently set to 10000 for Xilinx - SPARTAN3.
# Info: [15326]: Setting Part to: "3s50tq144".
# Info: [15327]: Setting Process to: "4".
# Info: [7512]: The place and route tool for current technology is ISE.
# Info: [3022]: Reading file: C:/MentorGraphics/PS2018.1_64-bit/Mgc_home/pkgs/psr/techlibs/xis3.syn.
# Info: [639]: Loading library initialization file C:/MentorGraphics/PS2018.1_64-bit/Mgc_home/pkgs/psr/userware/xilinx_rename.tcl
# Info: XILINX
# Info: [40000]: vhdlorder, Release 2018a.17
# Info: [40000]: Files sorted successfully.
# Info: [40000]: hdl-analyze, Release RTLC-Precision 2018a.17
# Info: [42502]: Analyzing input file "C:/HDS/CAD/CAD_lib/hdl/RV32I_pkg.vhd" ...
# Info: [42502]: Analyzing input file "C:/HDS/CAD/CAD_lib/hdl/RV32I_pkg_body.vhd" ...
# Info: [42502]: Analyzing input file "C:/HDS/CAD/CAD_lib/hdl/lab9_reg_tracker_behav.vhd" ...
# Info: [662]: Current working directory: C:/HDS/CAD/CAD_lib/ps/lab9_reg_tracker_behav/lab9_reg_tracker_behav_impl_9.
# Info: [40000]: RTLC-Driver, Release RTLC-Precision 2018a.17
# Info: [40000]: Last compiled on Jun 28 2018 15:32:49
# Info: [44512]: Initializing...
# Info: [44504]: Partitioning design ....
# Info: [40000]: RTLCompiler, Release RTLC-Precision 2018a.17
# Info: [40000]: Last compiled on Jun 28 2018 15:52:40
# Info: [44512]: Initializing...
# Info: [44522]: Root Module CAD_lib.lab9_reg_tracker(behav): Pre-processing...
# Warning: [45531]: ".\auxi\packages\IEEE\IEEE_2008\numeric_std.vhdl", line 1128: Incorrect usage of built-in pragma inside function TO_INTEGER.
# Warning: [45531]: ".\auxi\packages\IEEE\IEEE_2008\numeric_std.vhdl", line 1128: Incorrect usage of built-in pragma inside function TO_INTEGER.
# Warning: [45531]: ".\auxi\packages\IEEE\IEEE_2008\numeric_std.vhdl", line 1128: Incorrect usage of built-in pragma inside function TO_INTEGER.
# Warning: [45531]: ".\auxi\packages\IEEE\IEEE_2008\numeric_std.vhdl", line 1128: Incorrect usage of built-in pragma inside function TO_INTEGER.
# Warning: [45531]: ".\auxi\packages\IEEE\IEEE_2008\numeric_std.vhdl", line 1128: Incorrect usage of built-in pragma inside function TO_INTEGER.
# Warning: [45531]: ".\auxi\packages\IEEE\IEEE_2008\numeric_std.vhdl", line 1128: Incorrect usage of built-in pragma inside function TO_INTEGER.
# Warning: [45531]: ".\auxi\packages\IEEE\IEEE_2008\numeric_std.vhdl", line 1128: Incorrect usage of built-in pragma inside function TO_INTEGER.
# Warning: [45531]: ".\auxi\packages\IEEE\IEEE_2008\numeric_std.vhdl", line 1128: Incorrect usage of built-in pragma inside function TO_INTEGER.
# Warning: [45531]: ".\auxi\packages\IEEE\IEEE_2008\numeric_std.vhdl", line 1128: Incorrect usage of built-in pragma inside function TO_INTEGER.
# Warning: [45531]: ".\auxi\packages\IEEE\IEEE_2008\numeric_std.vhdl", line 1128: Incorrect usage of built-in pragma inside function TO_INTEGER.
# Warning: [45531]: ".\auxi\packages\IEEE\IEEE_2008\numeric_std.vhdl", line 1128: Incorrect usage of built-in pragma inside function TO_INTEGER.
# Warning: [45531]: ".\auxi\packages\IEEE\IEEE_2008\numeric_std.vhdl", line 1128: Incorrect usage of built-in pragma inside function TO_INTEGER.
# Info: [44523]: Root Module CAD_lib.lab9_reg_tracker(behav): Compiling...
# Warning: [45784]: "C:/HDS/CAD/CAD_lib/hdl/lab9_reg_tracker_behav.vhd", line 30: Module CAD_lib.lab9_reg_tracker(behav), Net(s) tracker[31:0]: Although this signal is not part of the sensitivity list of this block, it is being read. This may lead to simulation mismatch.
# Info: [45193]: "C:/HDS/CAD/CAD_lib/hdl/lab9_reg_tracker_behav.vhd", line 17: Net read1[31:5] is unused after optimization
# Info: [45193]: "C:/HDS/CAD/CAD_lib/hdl/lab9_reg_tracker_behav.vhd", line 17: Net read2[31:5] is unused after optimization
# Info: [45193]: "C:/HDS/CAD/CAD_lib/hdl/lab9_reg_tracker_behav.vhd", line 17: Net write_from_dec[31:5] is unused after optimization
# Info: [45193]: "C:/HDS/CAD/CAD_lib/hdl/lab9_reg_tracker_behav.vhd", line 17: Net write_from_wback[31:5] is unused after optimization
# Info: [45205]: "C:/HDS/CAD/CAD_lib/hdl/lab9_reg_tracker_behav.vhd", line 30: Module CAD_lib.lab9_reg_tracker(behav), Net(s) stall: Latch inferred.
# Info: [44842]: Compilation successfully completed.
# Info: [44856]: Total lines of RTL compiled: 64.
# Info: [44835]: Total CPU time for compilation: 0.3 secs.
# Info: [44513]: Overall running time for compilation: 0.0 secs.
# Info: [662]: Current working directory: C:/HDS/CAD/CAD_lib/ps/lab9_reg_tracker_behav/lab9_reg_tracker_behav_impl_9.
# Info: [15332]: Doing rtl optimizations.
# Info: [665]: Finished compiling design.
# Info: [662]: Current working directory: C:/HDS/CAD/CAD_lib/ps/lab9_reg_tracker_behav/lab9_reg_tracker_behav_impl_9.
# Info: [20013]: Precision will use 3 processor(s).
# Info: [15002]: Optimizing design view:.cad_lib.lab9_reg_tracker.behav
# Info: [8010]: Gated clock transformations: Begin...
# Info: [8010]: Gated clock transformations: End...
# Info: [8053]: Added global buffer BUFGP for Port port:clk
# Info: [3027]: Writing file: C:/HDS/CAD/CAD_lib/ps/lab9_reg_tracker_behav/lab9_reg_tracker_behav_impl_9/lab9_reg_tracker.edf.
# Info: [3027]: Writing file: C:/HDS/CAD/CAD_lib/ps/lab9_reg_tracker_behav/lab9_reg_tracker_behav_impl_9/lab9_reg_tracker.ucf.
# Info: ***********************************************
# Info: Device Utilization for 3S50tq144
# Info: ***************************************************************
# Info: Resource                          Used    Avail   Utilization
# Info: ---------------------------------------------------------------
# Info: IOs                               134     97      138.14%
# Info: Global Buffers                    1       8        12.50%
# Info: LUTs                              154     1536     10.03%
# Info: CLB Slices                        77      768      10.03%
# Info: Dffs or Latches                   33      1827      1.81%
# Info: Block RAMs                        0       4         0.00%
# Info: Block Multipliers                 0       4         0.00%
# Info: Block Multiplier Dffs             0       144       0.00%
# Info: ---------------------------------------------------------------
# Warning: This design does not fit in the device specified!
# Info: Recommending to try an alternate device 3S200ft256
# Info: ***********************************************
# Info: [665]: Finished synthesizing design.
# Info: [11019]: Total CPU time for synthesis: 1.0 s secs.
# Info: [11020]: Overall running time for synthesis: 0.6 s secs.
# Info: HDL Designer Synthesis run finished
source C:/HDS/CAD/CAD_lib/ps/lab9_reg_tracker_behav/hds/precision.tcl
# COMMAND: exit -force
# Warning: [9526]: Discarded unsaved work in implementation lab9_reg_tracker_behav_impl_9.
# Info: [9568]: Appending project transcript to file C:/HDS/CAD/CAD_lib/ps/lab9_reg_tracker_behav/lab9_reg_tracker_behav_impl_9/precision.log
# Info: [9568]: Appending suppressed messages transcript to file C:/HDS/CAD/CAD_lib/ps/lab9_reg_tracker_behav/lab9_reg_tracker_behav_impl_9/precision.log.suppressed
# Info: [9552]: Activated implementation lab9_reg_tracker_behav_impl_9 in project C:/HDS/CAD/CAD_lib/ps/lab9_reg_tracker_behav/lab9_reg_tracker_behav.psp.
# Info: [9531]: Created directory: C:/HDS/CAD/CAD_lib/ps/lab9_reg_tracker_behav/lab9_reg_tracker_behav_impl_10.
# Info: [9557]: Created implementation lab9_reg_tracker_behav_impl_10 in project C:/HDS/CAD/CAD_lib/ps/lab9_reg_tracker_behav/lab9_reg_tracker_behav.psp.
