# Info: [9569]: Logging project transcript to file C:/HDS/CAD/CAD_lib/ps/lab2_counter_tb_rtl/lab2_counter_tb_rtl_impl_3/precision.log
# Info: [9569]: Logging suppressed messages transcript to file C:/HDS/CAD/CAD_lib/ps/lab2_counter_tb_rtl/lab2_counter_tb_rtl_impl_3/precision.log.suppressed
# Info: [9552]: Activated implementation lab2_counter_tb_rtl_impl_3 in project C:/HDS/CAD/CAD_lib/ps/lab2_counter_tb_rtl/lab2_counter_tb_rtl.psp.
# Info: [15300]: Setting up the design to use synthesis library "maxv.syn"
# Info: [580]: The global max fanout is currently set to 1000 for Altera - MAX V .
# Info: [15326]: Setting Part to: "5M2210ZF324A".
# Info: [15327]: Setting Process to: "5".
# Info: [3022]: Reading file: C:/MentorGraphics/PS2018.1_64-bit/Mgc_home/pkgs/psr/techlibs/maxv.syn.
# Info: [639]: Loading library initialization file C:/MentorGraphics/PS2018.1_64-bit/Mgc_home/pkgs/psr/userware/yeager_rename.tcl
# Info: [40000]: vhdlorder, Release 2018a.17
# Warning: [40000]: "C:/HDS/CAD/CAD_lib/hdl/lab2_counter_tb_tb_rtl.vhd", line 80: No separator between number and identifier.
# Warning: [40000]: "C:/HDS/CAD/CAD_lib/hdl/lab2_counter_tb_tb_rtl.vhd", line 82: No separator between number and identifier.
# Warning: [40000]: "C:/HDS/CAD/CAD_lib/hdl/lab2_counter_tb_tb_rtl.vhd", line 86: No separator between number and identifier.
# Warning: [40000]: "C:/HDS/CAD/CAD_lib/hdl/lab2_counter_tb_tb_rtl.vhd", line 89: No separator between number and identifier.
# Warning: [40000]: "C:/HDS/CAD/CAD_lib/hdl/lab2_counter_tb_tb_rtl.vhd", line 91: No separator between number and identifier.
# Warning: [40000]: "C:/HDS/CAD/CAD_lib/hdl/lab2_counter_tb_tb_rtl.vhd", line 92: No separator between number and identifier.
# Warning: [40000]: "C:/HDS/CAD/CAD_lib/hdl/lab2_counter_tb_tb_rtl.vhd", line 94: No separator between number and identifier.
# Warning: [40000]: "C:/HDS/CAD/CAD_lib/hdl/lab2_counter_tb_tb_rtl.vhd", line 95: No separator between number and identifier.
# Warning: [40000]: "C:/HDS/CAD/CAD_lib/hdl/lab2_counter_tb_tb_rtl.vhd", line 99: No separator between number and identifier.
# Warning: [40000]: "C:/HDS/CAD/CAD_lib/hdl/lab2_counter_tb_tb_rtl.vhd", line 101: No separator between number and identifier.
# Warning: [40000]: "C:/HDS/CAD/CAD_lib/hdl/lab2_counter_tb_tb_rtl.vhd", line 104: No separator between number and identifier.
# Warning: [40000]: "C:/HDS/CAD/CAD_lib/hdl/lab2_counter_tb_tb_rtl.vhd", line 105: No separator between number and identifier.
# Warning: [40000]: "C:/HDS/CAD/CAD_lib/hdl/lab2_counter_tb_tb_rtl.vhd", line 107: No separator between number and identifier.
# Warning: [40000]: "C:/HDS/CAD/CAD_lib/hdl/lab2_counter_tb_tb_rtl.vhd", line 108: No separator between number and identifier.
# Warning: [40000]: "C:/HDS/CAD/CAD_lib/hdl/lab2_counter_tb_tb_rtl.vhd", line 110: No separator between number and identifier.
# Warning: [40000]: "C:/HDS/CAD/CAD_lib/hdl/lab2_counter_tb_tb_rtl.vhd", line 111: No separator between number and identifier.
# Info: [40000]: Files sorted successfully.
# Info: [40000]: hdl-analyze, Release RTLC-Precision 2018a.17
# Info: [42502]: Analyzing input file "C:/HDS/CAD/CAD_lib/hdl/Increment_mixed.vhd" ...
# Info: [42502]: Analyzing input file "C:/HDS/CAD/CAD_lib/hdl/mux_2_to_1_mixed.vhd" ...
# Info: [42502]: Analyzing input file "C:/HDS/CAD/CAD_lib/hdl/reg_mixed.vhd" ...
# Info: [42502]: Analyzing input file "C:/HDS/CAD/CAD_lib/hdl/lab2_counter_mixed.vhd" ...
# Info: [42502]: Analyzing input file "C:/HDS/CAD/CAD_lib/hdl/lab2_counter_tb_tb_rtl.vhd" ...
# Warning: [43112]: "C:/HDS/CAD/CAD_lib/hdl/lab2_counter_tb_tb_rtl.vhd", line 80: No separator between number and identifier.
# Warning: [43535]: "C:/HDS/CAD/CAD_lib/hdl/lab2_counter_tb_tb_rtl.vhd", line 80: Timeout expression in wait statement is not supported
# Warning: [43112]: "C:/HDS/CAD/CAD_lib/hdl/lab2_counter_tb_tb_rtl.vhd", line 82: No separator between number and identifier.
# Warning: [43535]: "C:/HDS/CAD/CAD_lib/hdl/lab2_counter_tb_tb_rtl.vhd", line 82: Timeout expression in wait statement is not supported
# Warning: [43112]: "C:/HDS/CAD/CAD_lib/hdl/lab2_counter_tb_tb_rtl.vhd", line 86: No separator between number and identifier.
# Warning: [43535]: "C:/HDS/CAD/CAD_lib/hdl/lab2_counter_tb_tb_rtl.vhd", line 86: Timeout expression in wait statement is not supported
# Warning: [43112]: "C:/HDS/CAD/CAD_lib/hdl/lab2_counter_tb_tb_rtl.vhd", line 89: No separator between number and identifier.
# Warning: [43535]: "C:/HDS/CAD/CAD_lib/hdl/lab2_counter_tb_tb_rtl.vhd", line 89: Timeout expression in wait statement is not supported
# Warning: [43112]: "C:/HDS/CAD/CAD_lib/hdl/lab2_counter_tb_tb_rtl.vhd", line 91: No separator between number and identifier.
# Warning: [43535]: "C:/HDS/CAD/CAD_lib/hdl/lab2_counter_tb_tb_rtl.vhd", line 91: Timeout expression in wait statement is not supported
# Warning: [43112]: "C:/HDS/CAD/CAD_lib/hdl/lab2_counter_tb_tb_rtl.vhd", line 92: No separator between number and identifier.
# Warning: [43535]: "C:/HDS/CAD/CAD_lib/hdl/lab2_counter_tb_tb_rtl.vhd", line 92: Timeout expression in wait statement is not supported
# Warning: [43112]: "C:/HDS/CAD/CAD_lib/hdl/lab2_counter_tb_tb_rtl.vhd", line 94: No separator between number and identifier.
# Warning: [43535]: "C:/HDS/CAD/CAD_lib/hdl/lab2_counter_tb_tb_rtl.vhd", line 94: Timeout expression in wait statement is not supported
# Warning: [43112]: "C:/HDS/CAD/CAD_lib/hdl/lab2_counter_tb_tb_rtl.vhd", line 95: No separator between number and identifier.
# Warning: [43535]: "C:/HDS/CAD/CAD_lib/hdl/lab2_counter_tb_tb_rtl.vhd", line 95: Timeout expression in wait statement is not supported
# Warning: [43112]: "C:/HDS/CAD/CAD_lib/hdl/lab2_counter_tb_tb_rtl.vhd", line 99: No separator between number and identifier.
# Warning: [43535]: "C:/HDS/CAD/CAD_lib/hdl/lab2_counter_tb_tb_rtl.vhd", line 99: Timeout expression in wait statement is not supported
# Warning: [43112]: "C:/HDS/CAD/CAD_lib/hdl/lab2_counter_tb_tb_rtl.vhd", line 101: No separator between number and identifier.
# Warning: [43535]: "C:/HDS/CAD/CAD_lib/hdl/lab2_counter_tb_tb_rtl.vhd", line 101: Timeout expression in wait statement is not supported
# Warning: [43112]: "C:/HDS/CAD/CAD_lib/hdl/lab2_counter_tb_tb_rtl.vhd", line 104: No separator between number and identifier.
# Warning: [43535]: "C:/HDS/CAD/CAD_lib/hdl/lab2_counter_tb_tb_rtl.vhd", line 104: Timeout expression in wait statement is not supported
# Warning: [43112]: "C:/HDS/CAD/CAD_lib/hdl/lab2_counter_tb_tb_rtl.vhd", line 105: No separator between number and identifier.
# Warning: [43535]: "C:/HDS/CAD/CAD_lib/hdl/lab2_counter_tb_tb_rtl.vhd", line 105: Timeout expression in wait statement is not supported
# Warning: [43112]: "C:/HDS/CAD/CAD_lib/hdl/lab2_counter_tb_tb_rtl.vhd", line 107: No separator between number and identifier.
# Warning: [43535]: "C:/HDS/CAD/CAD_lib/hdl/lab2_counter_tb_tb_rtl.vhd", line 107: Timeout expression in wait statement is not supported
# Warning: [43112]: "C:/HDS/CAD/CAD_lib/hdl/lab2_counter_tb_tb_rtl.vhd", line 108: No separator between number and identifier.
# Warning: [43535]: "C:/HDS/CAD/CAD_lib/hdl/lab2_counter_tb_tb_rtl.vhd", line 108: Timeout expression in wait statement is not supported
# Warning: [43112]: "C:/HDS/CAD/CAD_lib/hdl/lab2_counter_tb_tb_rtl.vhd", line 110: No separator between number and identifier.
# Warning: [43535]: "C:/HDS/CAD/CAD_lib/hdl/lab2_counter_tb_tb_rtl.vhd", line 110: Timeout expression in wait statement is not supported
# Warning: [43112]: "C:/HDS/CAD/CAD_lib/hdl/lab2_counter_tb_tb_rtl.vhd", line 111: No separator between number and identifier.
# Warning: [43535]: "C:/HDS/CAD/CAD_lib/hdl/lab2_counter_tb_tb_rtl.vhd", line 111: Timeout expression in wait statement is not supported
# Info: [662]: Current working directory: C:/HDS/CAD/CAD_lib/ps/lab2_counter_tb_rtl/lab2_counter_tb_rtl_impl_3.
# Info: [40000]: RTLC-Driver, Release RTLC-Precision 2018a.17
# Info: [40000]: Last compiled on Jun 28 2018 15:32:49
# Info: [44512]: Initializing...
# Info: [44504]: Partitioning design ....
# Info: [40000]: RTLCompiler, Release RTLC-Precision 2018a.17
# Info: [40000]: Last compiled on Jun 28 2018 15:52:40
# Info: [44512]: Initializing...
# Error: [46292]: Module CAD_lib.lab2_counter_tb(rtl) cannot be compiled because it contains non-rtl constructs. Please check the log for warnings or errors about non-synthesizable constructs in this module.
# Info: [44506]: Module CAD_lib.lab2_counter(mixed){generic map (width => 8)}: Pre-processing...
# Info: [44506]: Module CAD_lib.mux_2_to_1(mixed){generic map (width => 8)}: Pre-processing...
# Info: [44506]: Module CAD_lib.reg(mixed){generic map (width => 8)}: Pre-processing...
# Info: [44506]: Module CAD_lib.Increment(mixed){generic map (width => 8)}: Pre-processing...
# Info: [44508]: Module CAD_lib.mux_2_to_1(mixed){generic map (width => 8)}: Compiling...
# Info: [44508]: Module CAD_lib.reg(mixed){generic map (width => 8)}: Compiling...
# Info: [44508]: Module CAD_lib.Increment(mixed){generic map (width => 8)}: Compiling...
# Info: [44508]: Module CAD_lib.lab2_counter(mixed){generic map (width => 8)}: Compiling...
# Info: [44513]: Overall running time for compilation: 1.0 secs.
# Error: [46259]: Design compilation failed, unsupported or non-rtl constructs detected in the following modules :
# Info: [40000]: CAD_lib.lab2_counter_tb(rtl){generic map (width => 8)}
# Info: [40000]: Please check the log for details pertaining to unsupported or non-rtl construct(s)
# Error: [679]: Unable to elaborate design CAD_lib.lab2_counter_tb(rtl) in vhdl.
# Info: HDL Designer Synthesis run finished
source C:/HDS/CAD/CAD_lib/ps/lab2_counter_tb_rtl/hds/precision.tcl
# COMMAND: exit -force
# Warning: [9526]: Discarded unsaved work in implementation lab2_counter_tb_rtl_impl_3.
# Info: [9568]: Appending project transcript to file C:/HDS/CAD/CAD_lib/ps/lab2_counter_tb_rtl/lab2_counter_tb_rtl_impl_3/precision.log
# Info: [9568]: Appending suppressed messages transcript to file C:/HDS/CAD/CAD_lib/ps/lab2_counter_tb_rtl/lab2_counter_tb_rtl_impl_3/precision.log.suppressed
# Info: [9552]: Activated implementation lab2_counter_tb_rtl_impl_3 in project C:/HDS/CAD/CAD_lib/ps/lab2_counter_tb_rtl/lab2_counter_tb_rtl.psp.
# Info: [9531]: Created directory: C:/HDS/CAD/CAD_lib/ps/lab2_counter_tb_rtl/lab2_counter_tb_rtl_impl_4.
# Info: [9557]: Created implementation lab2_counter_tb_rtl_impl_4 in project C:/HDS/CAD/CAD_lib/ps/lab2_counter_tb_rtl/lab2_counter_tb_rtl.psp.
