# Info: [9569]: Logging session transcript to file C:/MentorGraphics/HDS_2018.2/bin/precision.log
//  Precision RTL Synthesis 64-bit 2018.1.0.19 (Production Release) Fri Aug 10 05:55:53 PDT 2018
//  
//  Copyright (c) Mentor Graphics Corporation, 1996-2018, All Rights Reserved.
//             Portions copyright 1991-2008 Compuware Corporation
//                       UNPUBLISHED, LICENSED SOFTWARE.
//            CONFIDENTIAL AND PROPRIETARY INFORMATION WHICH IS THE
//          PROPERTY OF MENTOR GRAPHICS CORPORATION OR ITS LICENSORS
//  
//  Running on Windows 10 W@DESKTOP-86TQKQ1  10.0.19041 x64
//  
//  Start time Fri Feb 26 20:18:42 2021
# -------------------------------------------------
# Info: [9569]: Logging session transcript to file C:/MentorGraphics/HDS_2018.2/bin/precision.log
# COMMAND: source C:/HDS/CAD/CAD_lib/ps/pc_enable_behave/hds/precision.tcl
# Info: HDL Designer Synthesis run started
# Info: [9577]: Input directory: C:/HDS/CAD/CAD_lib/ps/pc_enable_behave
# Info: [9572]: Moving session transcript to file C:/HDS/CAD/CAD_lib/ps/pc_enable_behave/precision.log
# Info: [9578]: The Results Directory has been set to: C:/HDS/CAD/CAD_lib/ps/pc_enable_behave/pc_enable_behave_impl_1/
# Info: [9568]: Appending project transcript to file C:/HDS/CAD/CAD_lib/ps/pc_enable_behave/pc_enable_behave_impl_1/precision.log
# Info: [9568]: Appending suppressed messages transcript to file C:/HDS/CAD/CAD_lib/ps/pc_enable_behave/pc_enable_behave_impl_1/precision.log.suppressed
# Info: [9552]: Activated implementation pc_enable_behave_impl_1 in project C:/HDS/CAD/CAD_lib/ps/pc_enable_behave/pc_enable_behave.psp.
# Info: [9531]: Created directory: C:/HDS/CAD/CAD_lib/ps/pc_enable_behave/pc_enable_behave_impl_2.
# Info: [9557]: Created implementation pc_enable_behave_impl_2 in project C:/HDS/CAD/CAD_lib/ps/pc_enable_behave/pc_enable_behave.psp.
# Info: [9578]: The Results Directory has been set to: C:/HDS/CAD/CAD_lib/ps/pc_enable_behave/pc_enable_behave_impl_2/
# Info: [9569]: Logging project transcript to file C:/HDS/CAD/CAD_lib/ps/pc_enable_behave/pc_enable_behave_impl_2/precision.log
# Info: [9569]: Logging suppressed messages transcript to file C:/HDS/CAD/CAD_lib/ps/pc_enable_behave/pc_enable_behave_impl_2/precision.log.suppressed
# Info: [9552]: Activated implementation pc_enable_behave_impl_2 in project C:/HDS/CAD/CAD_lib/ps/pc_enable_behave/pc_enable_behave.psp.
# Info: [15300]: Setting up the design to use synthesis library "xis3.syn"
# Info: [580]: The global max fanout is currently set to 10000 for Xilinx - SPARTAN3.
# Info: [15326]: Setting Part to: "3s50tq144".
# Info: [15327]: Setting Process to: "4".
# Info: [7512]: The place and route tool for current technology is ISE.
# Info: [3022]: Reading file: C:/MentorGraphics/PS2018.1_64-bit/Mgc_home/pkgs/psr/techlibs/xis3.syn.
# Info: [639]: Loading library initialization file C:/MentorGraphics/PS2018.1_64-bit/Mgc_home/pkgs/psr/userware/xilinx_rename.tcl
# Info: XILINX
# Info: [40000]: vhdlorder, Release 2018a.17
# Info: [40000]: Files sorted successfully.
# Info: [40000]: hdl-analyze, Release RTLC-Precision 2018a.17
# Info: [42502]: Analyzing input file "C:/HDS/CAD/CAD_lib/hdl/not_gate_behave.vhd" ...
# Info: [662]: Current working directory: C:/HDS/CAD/CAD_lib/ps/pc_enable_behave/pc_enable_behave_impl_2.
# Info: [40000]: RTLC-Driver, Release RTLC-Precision 2018a.17
# Info: [40000]: Last compiled on Jun 28 2018 15:32:49
# Info: [44512]: Initializing...
# Info: [44504]: Partitioning design ....
# Info: [40000]: RTLCompiler, Release RTLC-Precision 2018a.17
# Info: [40000]: Last compiled on Jun 28 2018 15:52:40
# Info: [44512]: Initializing...
# Info: [44522]: Root Module CAD_lib.pc_enable(behave): Pre-processing...
# Info: [44523]: Root Module CAD_lib.pc_enable(behave): Compiling...
# Info: [44842]: Compilation successfully completed.
# Info: [44856]: Total lines of RTL compiled: 15.
# Info: [44835]: Total CPU time for compilation: 0.1 secs.
# Info: [44513]: Overall running time for compilation: 0.0 secs.
# Info: [662]: Current working directory: C:/HDS/CAD/CAD_lib/ps/pc_enable_behave/pc_enable_behave_impl_2.
# Info: [15332]: Doing rtl optimizations.
# Info: [665]: Finished compiling design.
# Info: [662]: Current working directory: C:/HDS/CAD/CAD_lib/ps/pc_enable_behave/pc_enable_behave_impl_2.
# Info: [15002]: Optimizing design view:.cad_lib.pc_enable.behave
# Info: [8010]: Gated clock transformations: Begin...
# Info: [8010]: Gated clock transformations: End...
# Info: [3027]: Writing file: C:/HDS/CAD/CAD_lib/ps/pc_enable_behave/pc_enable_behave_impl_2/pc_enable.edf.
# Info: [3027]: Writing file: C:/HDS/CAD/CAD_lib/ps/pc_enable_behave/pc_enable_behave_impl_2/pc_enable.ucf.
# Info: [665]: Finished synthesizing design.
# Info: [11019]: Total CPU time for synthesis: 0.0 s secs.
# Info: [11020]: Overall running time for synthesis: 0.1 s secs.
# Info: HDL Designer Synthesis run finished
source C:/HDS/CAD/CAD_lib/ps/pc_enable_behave/hds/precision.tcl
# COMMAND: exit -force
# Warning: [9526]: Discarded unsaved work in implementation pc_enable_behave_impl_2.
# Info: [9530]: Closed project: C:/HDS/CAD/CAD_lib/ps/pc_enable_behave/pc_enable_behave.psp.
close_project -discard
exit -force
