# Info: [9569]: Logging project transcript to file C:/HDS/CAD/CAD_lib/ps/lab8_arbiter/lab8_arbiter_impl_1/precision.log
# Info: [9569]: Logging suppressed messages transcript to file C:/HDS/CAD/CAD_lib/ps/lab8_arbiter/lab8_arbiter_impl_1/precision.log.suppressed
# Info: [9552]: Activated implementation lab8_arbiter_impl_1 in project C:/HDS/CAD/CAD_lib/ps/lab8_arbiter/lab8_arbiter.psp.
new_impl -name lab8_arbiter_impl_1
# Info: [15300]: Setting up the design to use synthesis library "xis3.syn"
# Info: [580]: The global max fanout is currently set to 10000 for Xilinx - SPARTAN3.
# Info: [15326]: Setting Part to: "3s200ft256".
# Info: [15327]: Setting Process to: "4".
# Info: [7512]: The place and route tool for current technology is ISE.
# Info: [3022]: Reading file: C:/MentorGraphics/PS2018.1_64-bit/Mgc_home/pkgs/psr/techlibs/xis3.syn.
# Info: [639]: Loading library initialization file C:/MentorGraphics/PS2018.1_64-bit/Mgc_home/pkgs/psr/userware/xilinx_rename.tcl
# Info: XILINX
# Info: [40000]: vhdlorder, Release 2018a.17
# Info: [40000]: Files sorted successfully.
# Info: [40000]: hdl-analyze, Release RTLC-Precision 2018a.17
# Info: [42502]: Analyzing input file "C:/HDS/CAD/CAD_lib/hdl/RV32I_pkg.vhd" ...
# Info: [42502]: Analyzing input file "C:/HDS/CAD/CAD_lib/hdl/RV32I_pkg_body.vhd" ...
# Info: [42502]: Analyzing input file "C:/HDS/CAD/CAD_lib/hdl/lab8_arbiter_behav.vhd" ...
# Info: [662]: Current working directory: C:/HDS/CAD/CAD_lib/ps/lab8_arbiter/lab8_arbiter_impl_1.
# Info: [40000]: RTLC-Driver, Release RTLC-Precision 2018a.17
# Info: [40000]: Last compiled on Jun 28 2018 15:32:49
# Info: [44512]: Initializing...
# Info: [44504]: Partitioning design ....
# Info: [40000]: RTLCompiler, Release RTLC-Precision 2018a.17
# Info: [40000]: Last compiled on Jun 28 2018 15:52:40
# Info: [44512]: Initializing...
# Info: [44522]: Root Module CAD_lib.lab8_arbiter(behav): Pre-processing...
# Info: [44523]: Root Module CAD_lib.lab8_arbiter(behav): Compiling...
# Info: [44842]: Compilation successfully completed.
# Info: [44856]: Total lines of RTL compiled: 76.
# Info: [44835]: Total CPU time for compilation: 0.2 secs.
# Info: [44513]: Overall running time for compilation: 1.0 secs.
# Info: [662]: Current working directory: C:/HDS/CAD/CAD_lib/ps/lab8_arbiter/lab8_arbiter_impl_1.
# Info: [15332]: Doing rtl optimizations.
# Info: [665]: Finished compiling design.
# Info: [662]: Current working directory: C:/HDS/CAD/CAD_lib/ps/lab8_arbiter/lab8_arbiter_impl_1.
# Info: [15002]: Optimizing design view:.cad_lib.lab8_arbiter.behav
# Info: [8010]: Gated clock transformations: Begin...
# Info: [8010]: Gated clock transformations: End...
# Info: [3027]: Writing file: C:/HDS/CAD/CAD_lib/ps/lab8_arbiter/lab8_arbiter_impl_1/lab8_arbiter.edf.
# Info: [3027]: Writing file: C:/HDS/CAD/CAD_lib/ps/lab8_arbiter/lab8_arbiter_impl_1/lab8_arbiter.ucf.
# Info: ***********************************************
# Info: Device Utilization for 3S200ft256
# Info: ***************************************************************
# Info: Resource                          Used    Avail   Utilization
# Info: ---------------------------------------------------------------
# Info: IOs                               264     173     152.60%
# Info: Global Buffers                    0       8         0.00%
# Info: LUTs                              34      3840      0.89%
# Info: CLB Slices                        17      1920      0.89%
# Info: Dffs or Latches                   0       4359      0.00%
# Info: Block RAMs                        0       12        0.00%
# Info: Block Multipliers                 0       12        0.00%
# Info: Block Multiplier Dffs             0       432       0.00%
# Info: ---------------------------------------------------------------
# Warning: This design does not fit in the device specified!
# Info: Recommending to try an alternate device 3S400fg456
# Info: ***********************************************
# Info: [665]: Finished synthesizing design.
# Info: [11019]: Total CPU time for synthesis: 0.3 s secs.
# Info: [11020]: Overall running time for synthesis: 0.4 s secs.
# Info: HDL Designer Synthesis run finished
source C:/HDS/CAD/CAD_lib/ps/lab8_arbiter/hds/precision.tcl
# COMMAND: exit -force
# Warning: [9526]: Discarded unsaved work in implementation lab8_arbiter_impl_1.
