# Info: [9569]: Logging project transcript to file C:/HDS/CAD/CAD_lib/ps/lab6_decode_pipeline_struc/lab6_decode_pipeline_struc_impl_5/precision.log
# Info: [9569]: Logging suppressed messages transcript to file C:/HDS/CAD/CAD_lib/ps/lab6_decode_pipeline_struc/lab6_decode_pipeline_struc_impl_5/precision.log.suppressed
# Info: [9552]: Activated implementation lab6_decode_pipeline_struc_impl_5 in project C:/HDS/CAD/CAD_lib/ps/lab6_decode_pipeline_struc/lab6_decode_pipeline_struc.psp.
# Info: [15300]: Setting up the design to use synthesis library "xis3.syn"
# Info: [580]: The global max fanout is currently set to 10000 for Xilinx - SPARTAN3.
# Info: [15326]: Setting Part to: "3s200ft256".
# Info: [15327]: Setting Process to: "4".
# Info: [7512]: The place and route tool for current technology is ISE.
# Info: [3022]: Reading file: C:/MentorGraphics/PS2018.1_64-bit/Mgc_home/pkgs/psr/techlibs/xis3.syn.
# Info: [639]: Loading library initialization file C:/MentorGraphics/PS2018.1_64-bit/Mgc_home/pkgs/psr/userware/xilinx_rename.tcl
# Info: XILINX
# Info: [40000]: vhdlorder, Release 2018a.17
# Info: [40000]: Files sorted successfully.
# Info: [40000]: hdl-analyze, Release RTLC-Precision 2018a.17
# Info: [42502]: Analyzing input file "C:/HDS/CAD/CAD_lib/hdl/RV32I_pkg.vhd" ...
# Info: [42502]: Analyzing input file "C:/HDS/CAD/CAD_lib/hdl/RV32I_pkg_body.vhd" ...
# Info: [42502]: Analyzing input file "C:/HDS/CAD/CAD_lib/hdl/reg_mixed.vhd" ...
# Info: [42502]: Analyzing input file "C:/HDS/CAD/CAD_lib/hdl/decode_proc_behav.vhd" ...
# Info: [42502]: Analyzing input file "C:/HDS/CAD/CAD_lib/hdl/lab5_rv32i_decoder_behav.vhd" ...
# Info: [42502]: Analyzing input file "C:/HDS/CAD/CAD_lib/hdl/lab6_decode_pipeline_struc.vhd" ...
# Info: [662]: Current working directory: C:/HDS/CAD/CAD_lib/ps/lab6_decode_pipeline_struc/lab6_decode_pipeline_struc_impl_5.
# Info: [40000]: RTLC-Driver, Release RTLC-Precision 2018a.17
# Info: [40000]: Last compiled on Jun 28 2018 15:32:49
# Info: [44512]: Initializing...
# Info: [44504]: Partitioning design ....
# Info: [40000]: RTLCompiler, Release RTLC-Precision 2018a.17
# Info: [40000]: Last compiled on Jun 28 2018 15:52:40
# Info: [44512]: Initializing...
# Info: [44522]: Root Module CAD_lib.lab6_decode_pipeline(struc){generic map (width => 32)}: Pre-processing...
# Info: [44506]: Module CAD_lib.reg(mixed){generic map (width => 32)}: Pre-processing...
# Info: [44506]: Module CAD_lib.lab5_rv32i_decoder(behav): Pre-processing...
# Info: [44506]: Module CAD_lib.decode_proc(behav): Pre-processing...
# Info: [44508]: Module CAD_lib.reg(mixed){generic map (width => 32)}: Compiling...
# Info: [44508]: Module CAD_lib.lab5_rv32i_decoder(behav): Compiling...
# Info: [44508]: Module CAD_lib.decode_proc(behav): Compiling...
# Info: [44523]: Root Module CAD_lib.lab6_decode_pipeline(struc){generic map (width => 32)}: Compiling...
# Info: [45252]: "C:/HDS/CAD/CAD_lib/hdl/lab5_rv32i_decoder_behav.vhd", line 175: Inferred rom instance 'rtlcI2' of type 'rom_2_7_128_5'.
# Info: [44842]: Compilation successfully completed.
# Info: [44856]: Total lines of RTL compiled: 428.
# Info: [44835]: Total CPU time for compilation: 1.3 secs.
# Info: [44513]: Overall running time for compilation: 2.0 secs.
# Info: [662]: Current working directory: C:/HDS/CAD/CAD_lib/ps/lab6_decode_pipeline_struc/lab6_decode_pipeline_struc_impl_5.
# Error: Net is driven by multiple primitive gates --  NET: L(31)
# Info:  PORT d OF BLOCK: cad_lib/decode_proc/behav
# Info:  PORT L(31) OF BLOCK: cad_lib/lab6_decode_pipeline/struc
# Info:  PORT out OF BUF: ix67  PORT out OF BLOCK: cad_lib/lab6_decode_pipeline/struc
# Error: Net is driven by multiple primitive gates --  NET: L(30)
# Info:  PORT d OF BLOCK: cad_lib/decode_proc/behav
# Info:  PORT L(30) OF BLOCK: cad_lib/lab6_decode_pipeline/struc
# Info:  PORT out OF BUF: ix65  PORT out OF BLOCK: cad_lib/lab6_decode_pipeline/struc
# Error: Net is driven by multiple primitive gates --  NET: L(29)
# Info:  PORT d OF BLOCK: cad_lib/decode_proc/behav
# Info:  PORT L(29) OF BLOCK: cad_lib/lab6_decode_pipeline/struc
# Info:  PORT out OF BUF: ix63  PORT out OF BLOCK: cad_lib/lab6_decode_pipeline/struc
# Error: Net is driven by multiple primitive gates --  NET: L(28)
# Info:  PORT d OF BLOCK: cad_lib/decode_proc/behav
# Info:  PORT L(28) OF BLOCK: cad_lib/lab6_decode_pipeline/struc
# Info:  PORT out OF BUF: ix61  PORT out OF BLOCK: cad_lib/lab6_decode_pipeline/struc
# Error: Net is driven by multiple primitive gates --  NET: L(27)
# Info:  PORT d OF BLOCK: cad_lib/decode_proc/behav
# Info:  PORT L(27) OF BLOCK: cad_lib/lab6_decode_pipeline/struc
# Info:  PORT out OF BUF: ix59  PORT out OF BLOCK: cad_lib/lab6_decode_pipeline/struc
# Error: Net is driven by multiple primitive gates --  NET: L(26)
# Info:  PORT d OF BLOCK: cad_lib/decode_proc/behav
# Info:  PORT L(26) OF BLOCK: cad_lib/lab6_decode_pipeline/struc
# Info:  PORT out OF BUF: ix57  PORT out OF BLOCK: cad_lib/lab6_decode_pipeline/struc
# Error: Net is driven by multiple primitive gates --  NET: L(25)
# Info:  PORT d OF BLOCK: cad_lib/decode_proc/behav
# Info:  PORT L(25) OF BLOCK: cad_lib/lab6_decode_pipeline/struc
# Info:  PORT out OF BUF: ix55  PORT out OF BLOCK: cad_lib/lab6_decode_pipeline/struc
# Error: Net is driven by multiple primitive gates --  NET: L(24)
# Info:  PORT d OF BLOCK: cad_lib/decode_proc/behav
# Info:  PORT L(24) OF BLOCK: cad_lib/lab6_decode_pipeline/struc
# Info:  PORT out OF BUF: ix53  PORT out OF BLOCK: cad_lib/lab6_decode_pipeline/struc
# Error: Net is driven by multiple primitive gates --  NET: L(23)
# Info:  PORT d OF BLOCK: cad_lib/decode_proc/behav
# Info:  PORT L(23) OF BLOCK: cad_lib/lab6_decode_pipeline/struc
# Info:  PORT out OF BUF: ix51  PORT out OF BLOCK: cad_lib/lab6_decode_pipeline/struc
# Error: Net is driven by multiple primitive gates --  NET: L(22)
# Info:  PORT d OF BLOCK: cad_lib/decode_proc/behav
# Info:  PORT L(22) OF BLOCK: cad_lib/lab6_decode_pipeline/struc
# Info:  PORT out OF BUF: ix49  PORT out OF BLOCK: cad_lib/lab6_decode_pipeline/struc
# Error: Net is driven by multiple primitive gates --  NET: L(21)
# Info:  PORT d OF BLOCK: cad_lib/decode_proc/behav
# Info:  PORT L(21) OF BLOCK: cad_lib/lab6_decode_pipeline/struc
# Info:  PORT out OF BUF: ix47  PORT out OF BLOCK: cad_lib/lab6_decode_pipeline/struc
# Error: Net is driven by multiple primitive gates --  NET: L(20)
# Info:  PORT d OF BLOCK: cad_lib/decode_proc/behav
# Info:  PORT L(20) OF BLOCK: cad_lib/lab6_decode_pipeline/struc
# Info:  PORT out OF BUF: ix45  PORT out OF BLOCK: cad_lib/lab6_decode_pipeline/struc
# Error: Net is driven by multiple primitive gates --  NET: L(19)
# Info:  PORT d OF BLOCK: cad_lib/decode_proc/behav
# Info:  PORT L(19) OF BLOCK: cad_lib/lab6_decode_pipeline/struc
# Info:  PORT out OF BUF: ix43  PORT out OF BLOCK: cad_lib/lab6_decode_pipeline/struc
# Error: Net is driven by multiple primitive gates --  NET: L(18)
# Info:  PORT d OF BLOCK: cad_lib/decode_proc/behav
# Info:  PORT L(18) OF BLOCK: cad_lib/lab6_decode_pipeline/struc
# Info:  PORT out OF BUF: ix41  PORT out OF BLOCK: cad_lib/lab6_decode_pipeline/struc
# Error: Net is driven by multiple primitive gates --  NET: L(17)
# Info:  PORT d OF BLOCK: cad_lib/decode_proc/behav
# Info:  PORT L(17) OF BLOCK: cad_lib/lab6_decode_pipeline/struc
# Info:  PORT out OF BUF: ix39  PORT out OF BLOCK: cad_lib/lab6_decode_pipeline/struc
# Error: Net is driven by multiple primitive gates --  NET: L(16)
# Info:  PORT d OF BLOCK: cad_lib/decode_proc/behav
# Info:  PORT L(16) OF BLOCK: cad_lib/lab6_decode_pipeline/struc
# Info:  PORT out OF BUF: ix37  PORT out OF BLOCK: cad_lib/lab6_decode_pipeline/struc
# Error: Net is driven by multiple primitive gates --  NET: L(15)
# Info:  PORT d OF BLOCK: cad_lib/decode_proc/behav
# Info:  PORT L(15) OF BLOCK: cad_lib/lab6_decode_pipeline/struc
# Info:  PORT out OF BUF: ix35  PORT out OF BLOCK: cad_lib/lab6_decode_pipeline/struc
# Error: Net is driven by multiple primitive gates --  NET: L(14)
# Info:  PORT d OF BLOCK: cad_lib/decode_proc/behav
# Info:  PORT L(14) OF BLOCK: cad_lib/lab6_decode_pipeline/struc
# Info:  PORT out OF BUF: ix33  PORT out OF BLOCK: cad_lib/lab6_decode_pipeline/struc
# Error: Net is driven by multiple primitive gates --  NET: L(13)
# Info:  PORT d OF BLOCK: cad_lib/decode_proc/behav
# Info:  PORT L(13) OF BLOCK: cad_lib/lab6_decode_pipeline/struc
# Info:  PORT out OF BUF: ix31  PORT out OF BLOCK: cad_lib/lab6_decode_pipeline/struc
# Error: Net is driven by multiple primitive gates --  NET: L(12)
# Info:  PORT d OF BLOCK: cad_lib/decode_proc/behav
# Info:  PORT L(12) OF BLOCK: cad_lib/lab6_decode_pipeline/struc
# Info:  PORT out OF BUF: ix29  PORT out OF BLOCK: cad_lib/lab6_decode_pipeline/struc
# Error: Net is driven by multiple primitive gates --  NET: L(11)
# Info:  PORT d OF BLOCK: cad_lib/decode_proc/behav
# Info:  PORT L(11) OF BLOCK: cad_lib/lab6_decode_pipeline/struc
# Info:  PORT out OF BUF: ix27  PORT out OF BLOCK: cad_lib/lab6_decode_pipeline/struc
# Error: Net is driven by multiple primitive gates --  NET: L(10)
# Info:  PORT d OF BLOCK: cad_lib/decode_proc/behav
# Info:  PORT L(10) OF BLOCK: cad_lib/lab6_decode_pipeline/struc
# Info:  PORT out OF BUF: ix25  PORT out OF BLOCK: cad_lib/lab6_decode_pipeline/struc
# Error: Net is driven by multiple primitive gates --  NET: L(9)
# Info:  PORT d OF BLOCK: cad_lib/decode_proc/behav
# Info:  PORT L(9) OF BLOCK: cad_lib/lab6_decode_pipeline/struc
# Info:  PORT out OF BUF: ix23  PORT out OF BLOCK: cad_lib/lab6_decode_pipeline/struc
# Error: Net is driven by multiple primitive gates --  NET: L(8)
# Info:  PORT d OF BLOCK: cad_lib/decode_proc/behav
# Info:  PORT L(8) OF BLOCK: cad_lib/lab6_decode_pipeline/struc
# Info:  PORT out OF BUF: ix21  PORT out OF BLOCK: cad_lib/lab6_decode_pipeline/struc
# Error: Net is driven by multiple primitive gates --  NET: L(7)
# Info:  PORT d OF BLOCK: cad_lib/decode_proc/behav
# Info:  PORT L(7) OF BLOCK: cad_lib/lab6_decode_pipeline/struc
# Info:  PORT out OF BUF: ix19  PORT out OF BLOCK: cad_lib/lab6_decode_pipeline/struc
# Error: Net is driven by multiple primitive gates --  NET: L(6)
# Info:  PORT d OF BLOCK: cad_lib/decode_proc/behav
# Info:  PORT L(6) OF BLOCK: cad_lib/lab6_decode_pipeline/struc
# Info:  PORT out OF BUF: ix17  PORT out OF BLOCK: cad_lib/lab6_decode_pipeline/struc
# Error: Net is driven by multiple primitive gates --  NET: L(5)
# Info:  PORT d OF BLOCK: cad_lib/decode_proc/behav
# Info:  PORT L(5) OF BLOCK: cad_lib/lab6_decode_pipeline/struc
# Info:  PORT out OF BUF: ix15  PORT out OF BLOCK: cad_lib/lab6_decode_pipeline/struc
# Error: Net is driven by multiple primitive gates --  NET: L(4)
# Info:  PORT d OF BLOCK: cad_lib/decode_proc/behav
# Info:  PORT L(4) OF BLOCK: cad_lib/lab6_decode_pipeline/struc
# Info:  PORT out OF BUF: ix13  PORT out OF BLOCK: cad_lib/lab6_decode_pipeline/struc
# Error: Net is driven by multiple primitive gates --  NET: L(3)
# Info:  PORT d OF BLOCK: cad_lib/decode_proc/behav
# Info:  PORT L(3) OF BLOCK: cad_lib/lab6_decode_pipeline/struc
# Info:  PORT out OF BUF: ix11  PORT out OF BLOCK: cad_lib/lab6_decode_pipeline/struc
# Error: Net is driven by multiple primitive gates --  NET: L(2)
# Info:  PORT d OF BLOCK: cad_lib/decode_proc/behav
# Info:  PORT L(2) OF BLOCK: cad_lib/lab6_decode_pipeline/struc
# Info:  PORT out OF BUF: ix9  PORT out OF BLOCK: cad_lib/lab6_decode_pipeline/struc
# Error: Net is driven by multiple primitive gates --  NET: L(1)
# Info:  PORT d OF BLOCK: cad_lib/decode_proc/behav
# Info:  PORT L(1) OF BLOCK: cad_lib/lab6_decode_pipeline/struc
# Info:  PORT out OF BUF: ix7  PORT out OF BLOCK: cad_lib/lab6_decode_pipeline/struc
# Error: Net is driven by multiple primitive gates --  NET: L(0)
# Info:  PORT d OF BLOCK: cad_lib/decode_proc/behav
# Info:  PORT L(0) OF BLOCK: cad_lib/lab6_decode_pipeline/struc
# Info:  PORT out OF BUF: ix5  PORT out OF BLOCK: cad_lib/lab6_decode_pipeline/struc
# Error: Net is driven by multiple primitive gates --  NET: R(31)
# Info:  PORT dout(0) OF BLOCK: cad_lib/decode_proc/behav
# Info:  PORT R(31) OF BLOCK: cad_lib/lab6_decode_pipeline/struc
# Info:  PORT out OF BUF: ix131  PORT out OF BLOCK: cad_lib/lab6_decode_pipeline/struc
# Error: Net is driven by multiple primitive gates --  NET: R(30)
# Info:  PORT dout(0) OF BLOCK: cad_lib/decode_proc/behav
# Info:  PORT R(30) OF BLOCK: cad_lib/lab6_decode_pipeline/struc
# Info:  PORT out OF BUF: ix129  PORT out OF BLOCK: cad_lib/lab6_decode_pipeline/struc
# Error: Net is driven by multiple primitive gates --  NET: R(29)
# Info:  PORT dout(0) OF BLOCK: cad_lib/decode_proc/behav
# Info:  PORT R(29) OF BLOCK: cad_lib/lab6_decode_pipeline/struc
# Info:  PORT out OF BUF: ix127  PORT out OF BLOCK: cad_lib/lab6_decode_pipeline/struc
# Error: Net is driven by multiple primitive gates --  NET: R(28)
# Info:  PORT dout(0) OF BLOCK: cad_lib/decode_proc/behav
# Info:  PORT R(28) OF BLOCK: cad_lib/lab6_decode_pipeline/struc
# Info:  PORT out OF BUF: ix125  PORT out OF BLOCK: cad_lib/lab6_decode_pipeline/struc
# Error: Net is driven by multiple primitive gates --  NET: R(27)
# Info:  PORT dout(0) OF BLOCK: cad_lib/decode_proc/behav
# Info:  PORT R(27) OF BLOCK: cad_lib/lab6_decode_pipeline/struc
# Info:  PORT out OF BUF: ix123  PORT out OF BLOCK: cad_lib/lab6_decode_pipeline/struc
# Error: Net is driven by multiple primitive gates --  NET: R(26)
# Info:  PORT dout(0) OF BLOCK: cad_lib/decode_proc/behav
# Info:  PORT R(26) OF BLOCK: cad_lib/lab6_decode_pipeline/struc
# Info:  PORT out OF BUF: ix121  PORT out OF BLOCK: cad_lib/lab6_decode_pipeline/struc
# Error: Net is driven by multiple primitive gates --  NET: R(25)
# Info:  PORT dout(0) OF BLOCK: cad_lib/decode_proc/behav
# Info:  PORT R(25) OF BLOCK: cad_lib/lab6_decode_pipeline/struc
# Info:  PORT out OF BUF: ix119  PORT out OF BLOCK: cad_lib/lab6_decode_pipeline/struc
# Error: Net is driven by multiple primitive gates --  NET: R(24)
# Info:  PORT dout(0) OF BLOCK: cad_lib/decode_proc/behav
# Info:  PORT R(24) OF BLOCK: cad_lib/lab6_decode_pipeline/struc
# Info:  PORT out OF BUF: ix117  PORT out OF BLOCK: cad_lib/lab6_decode_pipeline/struc
# Error: Net is driven by multiple primitive gates --  NET: R(23)
# Info:  PORT dout(0) OF BLOCK: cad_lib/decode_proc/behav
# Info:  PORT R(23) OF BLOCK: cad_lib/lab6_decode_pipeline/struc
# Info:  PORT out OF BUF: ix115  PORT out OF BLOCK: cad_lib/lab6_decode_pipeline/struc
# Error: Net is driven by multiple primitive gates --  NET: R(22)
# Info:  PORT dout(0) OF BLOCK: cad_lib/decode_proc/behav
# Info:  PORT R(22) OF BLOCK: cad_lib/lab6_decode_pipeline/struc
# Info:  PORT out OF BUF: ix113  PORT out OF BLOCK: cad_lib/lab6_decode_pipeline/struc
# Error: Net is driven by multiple primitive gates --  NET: R(21)
# Info:  PORT dout(0) OF BLOCK: cad_lib/decode_proc/behav
# Info:  PORT R(21) OF BLOCK: cad_lib/lab6_decode_pipeline/struc
# Info:  PORT out OF BUF: ix111  PORT out OF BLOCK: cad_lib/lab6_decode_pipeline/struc
# Error: Net is driven by multiple primitive gates --  NET: R(20)
# Info:  PORT dout(0) OF BLOCK: cad_lib/decode_proc/behav
# Info:  PORT R(20) OF BLOCK: cad_lib/lab6_decode_pipeline/struc
# Info:  PORT out OF BUF: ix109  PORT out OF BLOCK: cad_lib/lab6_decode_pipeline/struc
# Error: Net is driven by multiple primitive gates --  NET: R(19)
# Info:  PORT dout(0) OF BLOCK: cad_lib/decode_proc/behav
# Info:  PORT R(19) OF BLOCK: cad_lib/lab6_decode_pipeline/struc
# Info:  PORT out OF BUF: ix107  PORT out OF BLOCK: cad_lib/lab6_decode_pipeline/struc
# Error: Net is driven by multiple primitive gates --  NET: R(18)
# Info:  PORT dout(0) OF BLOCK: cad_lib/decode_proc/behav
# Info:  PORT R(18) OF BLOCK: cad_lib/lab6_decode_pipeline/struc
# Info:  PORT out OF BUF: ix105  PORT out OF BLOCK: cad_lib/lab6_decode_pipeline/struc
# Error: Net is driven by multiple primitive gates --  NET: R(17)
# Info:  PORT dout(0) OF BLOCK: cad_lib/decode_proc/behav
# Info:  PORT R(17) OF BLOCK: cad_lib/lab6_decode_pipeline/struc
# Info:  PORT out OF BUF: ix103  PORT out OF BLOCK: cad_lib/lab6_decode_pipeline/struc
# Error: Net is driven by multiple primitive gates --  NET: R(16)
# Info:  PORT dout(0) OF BLOCK: cad_lib/decode_proc/behav
# Info:  PORT R(16) OF BLOCK: cad_lib/lab6_decode_pipeline/struc
# Info:  PORT out OF BUF: ix101  PORT out OF BLOCK: cad_lib/lab6_decode_pipeline/struc
# Error: Net is driven by multiple primitive gates --  NET: R(15)
# Info:  PORT dout(0) OF BLOCK: cad_lib/decode_proc/behav
# Info:  PORT R(15) OF BLOCK: cad_lib/lab6_decode_pipeline/struc
# Info:  PORT out OF BUF: ix99  PORT out OF BLOCK: cad_lib/lab6_decode_pipeline/struc
# Error: Net is driven by multiple primitive gates --  NET: R(14)
# Info:  PORT dout(0) OF BLOCK: cad_lib/decode_proc/behav
# Info:  PORT R(14) OF BLOCK: cad_lib/lab6_decode_pipeline/struc
# Info:  PORT out OF BUF: ix97  PORT out OF BLOCK: cad_lib/lab6_decode_pipeline/struc
# Error: Net is driven by multiple primitive gates --  NET: R(13)
# Info:  PORT dout(0) OF BLOCK: cad_lib/decode_proc/behav
# Info:  PORT R(13) OF BLOCK: cad_lib/lab6_decode_pipeline/struc
# Info:  PORT out OF BUF: ix95  PORT out OF BLOCK: cad_lib/lab6_decode_pipeline/struc
# Error: Net is driven by multiple primitive gates --  NET: R(12)
# Info:  PORT dout(0) OF BLOCK: cad_lib/decode_proc/behav
# Info:  PORT R(12) OF BLOCK: cad_lib/lab6_decode_pipeline/struc
# Info:  PORT out OF BUF: ix93  PORT out OF BLOCK: cad_lib/lab6_decode_pipeline/struc
# Error: Net is driven by multiple primitive gates --  NET: R(11)
# Info:  PORT dout(0) OF BLOCK: cad_lib/decode_proc/behav
# Info:  PORT R(11) OF BLOCK: cad_lib/lab6_decode_pipeline/struc
# Info:  PORT out OF BUF: ix91  PORT out OF BLOCK: cad_lib/lab6_decode_pipeline/struc
# Error: Net is driven by multiple primitive gates --  NET: R(10)
# Info:  PORT dout(0) OF BLOCK: cad_lib/decode_proc/behav
# Info:  PORT R(10) OF BLOCK: cad_lib/lab6_decode_pipeline/struc
# Info:  PORT out OF BUF: ix89  PORT out OF BLOCK: cad_lib/lab6_decode_pipeline/struc
# Error: Net is driven by multiple primitive gates --  NET: R(9)
# Info:  PORT dout(0) OF BLOCK: cad_lib/decode_proc/behav
# Info:  PORT R(9) OF BLOCK: cad_lib/lab6_decode_pipeline/struc
# Info:  PORT out OF BUF: ix87  PORT out OF BLOCK: cad_lib/lab6_decode_pipeline/struc
# Error: Net is driven by multiple primitive gates --  NET: R(8)
# Info:  PORT dout(0) OF BLOCK: cad_lib/decode_proc/behav
# Info:  PORT R(8) OF BLOCK: cad_lib/lab6_decode_pipeline/struc
# Info:  PORT out OF BUF: ix85  PORT out OF BLOCK: cad_lib/lab6_decode_pipeline/struc
# Error: Net is driven by multiple primitive gates --  NET: R(7)
# Info:  PORT dout(0) OF BLOCK: cad_lib/decode_proc/behav
# Info:  PORT R(7) OF BLOCK: cad_lib/lab6_decode_pipeline/struc
# Info:  PORT out OF BUF: ix83  PORT out OF BLOCK: cad_lib/lab6_decode_pipeline/struc
# Error: Net is driven by multiple primitive gates --  NET: R(6)
# Info:  PORT dout(0) OF BLOCK: cad_lib/decode_proc/behav
# Info:  PORT R(6) OF BLOCK: cad_lib/lab6_decode_pipeline/struc
# Info:  PORT out OF BUF: ix81  PORT out OF BLOCK: cad_lib/lab6_decode_pipeline/struc
# Error: Net is driven by multiple primitive gates --  NET: R(5)
# Info:  PORT dout(0) OF BLOCK: cad_lib/decode_proc/behav
# Info:  PORT R(5) OF BLOCK: cad_lib/lab6_decode_pipeline/struc
# Info:  PORT out OF BUF: ix79  PORT out OF BLOCK: cad_lib/lab6_decode_pipeline/struc
# Error: Net is driven by multiple primitive gates --  NET: R(4)
# Info:  PORT dout(0) OF BLOCK: cad_lib/decode_proc/behav
# Info:  PORT R(4) OF BLOCK: cad_lib/lab6_decode_pipeline/struc
# Info:  PORT out OF BUF: ix77  PORT out OF BLOCK: cad_lib/lab6_decode_pipeline/struc
# Error: Net is driven by multiple primitive gates --  NET: R(3)
# Info:  PORT dout(0) OF BLOCK: cad_lib/decode_proc/behav
# Info:  PORT R(3) OF BLOCK: cad_lib/lab6_decode_pipeline/struc
# Info:  PORT out OF BUF: ix75  PORT out OF BLOCK: cad_lib/lab6_decode_pipeline/struc
# Error: Net is driven by multiple primitive gates --  NET: R(2)
# Info:  PORT dout(0) OF BLOCK: cad_lib/decode_proc/behav
# Info:  PORT R(2) OF BLOCK: cad_lib/lab6_decode_pipeline/struc
# Info:  PORT out OF BUF: ix73  PORT out OF BLOCK: cad_lib/lab6_decode_pipeline/struc
# Error: Net is driven by multiple primitive gates --  NET: R(1)
# Info:  PORT dout(0) OF BLOCK: cad_lib/decode_proc/behav
# Info:  PORT R(1) OF BLOCK: cad_lib/lab6_decode_pipeline/struc
# Info:  PORT out OF BUF: ix71  PORT out OF BLOCK: cad_lib/lab6_decode_pipeline/struc
# Error: Net is driven by multiple primitive gates --  NET: R(0)
# Info:  PORT dout(0) OF BLOCK: cad_lib/decode_proc/behav
# Info:  PORT R(0) OF BLOCK: cad_lib/lab6_decode_pipeline/struc
# Info:  PORT out OF BUF: ix69  PORT out OF BLOCK: cad_lib/lab6_decode_pipeline/struc
# Info: HDL Designer Synthesis run finished
source C:/HDS/CAD/CAD_lib/ps/lab6_decode_pipeline_struc/hds/precision.tcl
# COMMAND: exit -force
# Warning: [9526]: Discarded unsaved work in implementation lab6_decode_pipeline_struc_impl_5.
# Info: [9568]: Appending project transcript to file C:/HDS/CAD/CAD_lib/ps/lab6_decode_pipeline_struc/lab6_decode_pipeline_struc_impl_5/precision.log
# Info: [9568]: Appending suppressed messages transcript to file C:/HDS/CAD/CAD_lib/ps/lab6_decode_pipeline_struc/lab6_decode_pipeline_struc_impl_5/precision.log.suppressed
# Info: [9552]: Activated implementation lab6_decode_pipeline_struc_impl_5 in project C:/HDS/CAD/CAD_lib/ps/lab6_decode_pipeline_struc/lab6_decode_pipeline_struc.psp.
# Info: [9531]: Created directory: C:/HDS/CAD/CAD_lib/ps/lab6_decode_pipeline_struc/lab6_decode_pipeline_struc_impl_6.
# Info: [9557]: Created implementation lab6_decode_pipeline_struc_impl_6 in project C:/HDS/CAD/CAD_lib/ps/lab6_decode_pipeline_struc/lab6_decode_pipeline_struc.psp.
