# Info: [9569]: Logging project transcript to file C:/HDS/CAD/CAD_lib/ps/read_ctrl_behav/read_ctrl_behav_impl_3/precision.log
# Info: [9569]: Logging suppressed messages transcript to file C:/HDS/CAD/CAD_lib/ps/read_ctrl_behav/read_ctrl_behav_impl_3/precision.log.suppressed
# Info: [9552]: Activated implementation read_ctrl_behav_impl_3 in project C:/HDS/CAD/CAD_lib/ps/read_ctrl_behav/read_ctrl_behav.psp.
# Info: [15300]: Setting up the design to use synthesis library "maxv.syn"
# Info: [580]: The global max fanout is currently set to 1000 for Altera - MAX V .
# Info: [15326]: Setting Part to: "5M2210ZF324A".
# Info: [15327]: Setting Process to: "5".
# Info: [3022]: Reading file: C:/MentorGraphics/PS2018.1_64-bit/Mgc_home/pkgs/psr/techlibs/maxv.syn.
# Info: [639]: Loading library initialization file C:/MentorGraphics/PS2018.1_64-bit/Mgc_home/pkgs/psr/userware/yeager_rename.tcl
# Info: [40000]: vhdlorder, Release 2018a.17
# Info: [40000]: Files sorted successfully.
# Info: [40000]: hdl-analyze, Release RTLC-Precision 2018a.17
# Info: [42502]: Analyzing input file "C:/HDS/CAD/CAD_lib/hdl/read_ctrl_behav.vhd" ...
# Info: [662]: Current working directory: C:/HDS/CAD/CAD_lib/ps/read_ctrl_behav/read_ctrl_behav_impl_3.
# Info: [40000]: RTLC-Driver, Release RTLC-Precision 2018a.17
# Info: [40000]: Last compiled on Jun 28 2018 15:32:49
# Info: [44512]: Initializing...
# Info: [44504]: Partitioning design ....
# Info: [40000]: RTLCompiler, Release RTLC-Precision 2018a.17
# Info: [40000]: Last compiled on Jun 28 2018 15:52:40
# Info: [44512]: Initializing...
# Info: [44522]: Root Module CAD_lib.read_ctrl(behav): Pre-processing...
# Info: [44523]: Root Module CAD_lib.read_ctrl(behav): Compiling...
# Info: [44842]: Compilation successfully completed.
# Info: [44856]: Total lines of RTL compiled: 15.
# Info: [44835]: Total CPU time for compilation: 0.1 secs.
# Info: [44513]: Overall running time for compilation: 0.0 secs.
# Info: [662]: Current working directory: C:/HDS/CAD/CAD_lib/ps/read_ctrl_behav/read_ctrl_behav_impl_3.
# Info: [15332]: Doing rtl optimizations.
# Info: [665]: Finished compiling design.
# Info: [662]: Current working directory: C:/HDS/CAD/CAD_lib/ps/read_ctrl_behav/read_ctrl_behav_impl_3.
# Info: [15002]: Optimizing design view:.cad_lib.read_ctrl.behav
# Info: [3027]: Writing file: C:/HDS/CAD/CAD_lib/ps/read_ctrl_behav/read_ctrl_behav_impl_3/read_ctrl.edf.
# Info: Info, Writing xrf file 'C:/HDS/CAD/CAD_lib/ps/read_ctrl_behav/read_ctrl_behav_impl_3/read_ctrl.xrf'
# Info: [3027]: Writing file: C:/HDS/CAD/CAD_lib/ps/read_ctrl_behav/read_ctrl_behav_impl_3/read_ctrl.xrf.
# Info: -- Writing file C:/HDS/CAD/CAD_lib/ps/read_ctrl_behav/read_ctrl_behav_impl_3/read_ctrl.tcl
# Info: exq_pr_compile_project gen_vcf read_ctrl 1
# Info: [665]: Finished synthesizing design.
# Info: [11019]: Total CPU time for synthesis: 0.0 s secs.
# Info: [11020]: Overall running time for synthesis: 0.1 s secs.
# Info: HDL Designer Synthesis run finished
source C:/HDS/CAD/CAD_lib/ps/read_ctrl_behav/hds/precision.tcl
# COMMAND: exit -force
# Warning: [9526]: Discarded unsaved work in implementation read_ctrl_behav_impl_3.
# Info: [9568]: Appending project transcript to file C:/HDS/CAD/CAD_lib/ps/read_ctrl_behav/read_ctrl_behav_impl_3/precision.log
# Info: [9568]: Appending suppressed messages transcript to file C:/HDS/CAD/CAD_lib/ps/read_ctrl_behav/read_ctrl_behav_impl_3/precision.log.suppressed
# Info: [9552]: Activated implementation read_ctrl_behav_impl_3 in project C:/HDS/CAD/CAD_lib/ps/read_ctrl_behav/read_ctrl_behav.psp.
# Info: [9531]: Created directory: C:/HDS/CAD/CAD_lib/ps/read_ctrl_behav/read_ctrl_behav_impl_4.
# Info: [9557]: Created implementation read_ctrl_behav_impl_4 in project C:/HDS/CAD/CAD_lib/ps/read_ctrl_behav/read_ctrl_behav.psp.
