# Info: [9569]: Logging project transcript to file C:/HDS/CAD/CAD_lib/ps/lab10_whole_syst_struct/lab10_whole_syst_struct_impl_1/precision.log
# Info: [9569]: Logging suppressed messages transcript to file C:/HDS/CAD/CAD_lib/ps/lab10_whole_syst_struct/lab10_whole_syst_struct_impl_1/precision.log.suppressed
# Info: [9552]: Activated implementation lab10_whole_syst_struct_impl_1 in project C:/HDS/CAD/CAD_lib/ps/lab10_whole_syst_struct/lab10_whole_syst_struct.psp.
new_impl -name lab10_whole_syst_struct_impl_1
# Info: [15300]: Setting up the design to use synthesis library "xis3.syn"
# Info: [580]: The global max fanout is currently set to 10000 for Xilinx - SPARTAN3.
# Info: [15326]: Setting Part to: "3s50tq144".
# Info: [15327]: Setting Process to: "4".
# Info: [7512]: The place and route tool for current technology is ISE.
# Info: [3022]: Reading file: C:/MentorGraphics/PS2018.1_64-bit/Mgc_home/pkgs/psr/techlibs/xis3.syn.
# Info: [639]: Loading library initialization file C:/MentorGraphics/PS2018.1_64-bit/Mgc_home/pkgs/psr/userware/xilinx_rename.tcl
# Info: XILINX
# Info: [40000]: vhdlorder, Release 2018a.17
# Info: [40000]: Files sorted successfully.
# Info: [40000]: hdl-analyze, Release RTLC-Precision 2018a.17
# Info: [42502]: Analyzing input file "C:/HDS/CAD/CAD_lib/hdl/RV32I_pkg.vhd" ...
# Info: [42502]: Analyzing input file "C:/HDS/CAD/CAD_lib/hdl/RV32I_pkg_body.vhd" ...
# Info: [42502]: Analyzing input file "C:/HDS/CAD/CAD_lib/hdl/lab8_arbiter_behav.vhd" ...
# Info: [42502]: Analyzing input file "C:/HDS/CAD/CAD_lib/hdl/lab10_whole_syst_struct.vhd" ...
# Info: [662]: Current working directory: C:/HDS/CAD/CAD_lib/ps/lab10_whole_syst_struct/lab10_whole_syst_struct_impl_1.
# Info: [40000]: RTLC-Driver, Release RTLC-Precision 2018a.17
# Info: [40000]: Last compiled on Jun 28 2018 15:32:49
# Info: [44512]: Initializing...
# Info: [44504]: Partitioning design ....
# Info: [40000]: RTLCompiler, Release RTLC-Precision 2018a.17
# Info: [40000]: Last compiled on Jun 28 2018 15:52:40
# Info: [44512]: Initializing...
# Info: [44522]: Root Module CAD_lib.lab10_whole_syst(struct): Pre-processing...
# Info: [44506]: Module CAD_lib.lab8_arbiter(behav): Pre-processing...
# Warning: [45729]: "C:/HDS/CAD/CAD_lib/hdl/lab10_whole_syst_struct.vhd", line 17: Input port DataOut has never been used.
# Warning: [45729]: "C:/HDS/CAD/CAD_lib/hdl/lab10_whole_syst_struct.vhd", line 18: Input port clk has never been used.
# Warning: [45731]: "C:/HDS/CAD/CAD_lib/hdl/lab10_whole_syst_struct.vhd", line 19: Output port MemSyst_Dout has never been assigned a value.
# Warning: [45731]: "C:/HDS/CAD/CAD_lib/hdl/lab10_whole_syst_struct.vhd", line 19: Output port MemSyst_Addr has never been assigned a value.
# Warning: [45730]: "C:/HDS/CAD/CAD_lib/hdl/lab10_whole_syst_struct.vhd", line 26: signal wire_MemSyst_DataOut[31:0] has no drivers, will be treated as don't care.
# Warning: [45730]: "C:/HDS/CAD/CAD_lib/hdl/lab10_whole_syst_struct.vhd", line 27: signal wire_MStg_Din_to_arb[31:0] has no drivers, will be treated as don't care.
# Warning: [45730]: "C:/HDS/CAD/CAD_lib/hdl/lab10_whole_syst_struct.vhd", line 27: signal wire_MStg_Addr_to_arb[31:0] has no drivers, will be treated as don't care.
# Warning: [45730]: "C:/HDS/CAD/CAD_lib/hdl/lab10_whole_syst_struct.vhd", line 28: signal wire_Fetch_addr_to_arb[31:0] has no drivers, will be treated as don't care.
# Warning: [45730]: "C:/HDS/CAD/CAD_lib/hdl/lab10_whole_syst_struct.vhd", line 29: signal wire_Mstg_w has no drivers, will be treated as don't care.
# Warning: [45730]: "C:/HDS/CAD/CAD_lib/hdl/lab10_whole_syst_struct.vhd", line 29: signal wire_Mstg_r has no drivers, will be treated as don't care.
# Warning: [45730]: "C:/HDS/CAD/CAD_lib/hdl/lab10_whole_syst_struct.vhd", line 29: signal wire_Fetch_r has no drivers, will be treated as don't care.
# Warning: [45729]: "C:/HDS/CAD/CAD_lib/hdl/lab10_whole_syst_struct.vhd", line 29: signal wire_delayF has never been used.
# Warning: [45729]: "C:/HDS/CAD/CAD_lib/hdl/lab10_whole_syst_struct.vhd", line 29: signal wire_delayM has never been used.
# Warning: [45729]: "C:/HDS/CAD/CAD_lib/hdl/lab10_whole_syst_struct.vhd", line 30: signal wire_arb_out_to_Mstg has never been used.
# Warning: [45729]: "C:/HDS/CAD/CAD_lib/hdl/lab10_whole_syst_struct.vhd", line 30: signal wire_arb_out_to_MemSyst has never been used.
# Warning: [45729]: "C:/HDS/CAD/CAD_lib/hdl/lab10_whole_syst_struct.vhd", line 30: signal wire_arb_out_to_fetch has never been used.
# Warning: [45729]: "C:/HDS/CAD/CAD_lib/hdl/lab10_whole_syst_struct.vhd", line 30: signal wire_arb_addr_to_MemSyst has never been used.
# Info: [44508]: Module CAD_lib.lab8_arbiter(behav): Compiling...
# Warning: [45784]: "C:/HDS/CAD/CAD_lib/hdl/lab8_arbiter_behav.vhd", line 28: Module CAD_lib.lab8_arbiter(behav), Net(s) Fetch_addr[31:0]: Although this signal is not part of the sensitivity list of this block, it is being read. This may lead to simulation mismatch.
# Info: [44523]: Root Module CAD_lib.lab10_whole_syst(struct): Compiling...
# Warning: [45438]: Module CAD_lib.lab10_whole_syst(struct), Instance arb, Net(s) MemSyst_Din[0]: This input has no drivers, driving zero.
# Warning: [45438]: Module CAD_lib.lab10_whole_syst(struct), Instance arb, Net(s) MemSyst_Din[1]: This input has no drivers, driving zero.
# Warning: [45438]: Module CAD_lib.lab10_whole_syst(struct), Instance arb, Net(s) MemSyst_Din[2]: This input has no drivers, driving zero.
# Warning: [45438]: Module CAD_lib.lab10_whole_syst(struct), Instance arb, Net(s) MemSyst_Din[3]: This input has no drivers, driving zero.
# Warning: [45438]: Module CAD_lib.lab10_whole_syst(struct), Instance arb, Net(s) MemSyst_Din[4]: This input has no drivers, driving zero.
# Warning: [45438]: Module CAD_lib.lab10_whole_syst(struct), Instance arb, Net(s) MemSyst_Din[5]: This input has no drivers, driving zero.
# Warning: [45438]: Module CAD_lib.lab10_whole_syst(struct), Instance arb, Net(s) MemSyst_Din[6]: This input has no drivers, driving zero.
# Warning: [45438]: Module CAD_lib.lab10_whole_syst(struct), Instance arb, Net(s) MemSyst_Din[7]: This input has no drivers, driving zero.
# Warning: [45438]: Module CAD_lib.lab10_whole_syst(struct), Instance arb, Net(s) MemSyst_Din[8]: This input has no drivers, driving zero.
# Warning: [45438]: Module CAD_lib.lab10_whole_syst(struct), Instance arb, Net(s) MemSyst_Din[9]: This input has no drivers, driving zero.
# Warning: [45438]: Module CAD_lib.lab10_whole_syst(struct), Instance arb, Net(s) MemSyst_Din[10]: This input has no drivers, driving zero.
# Warning: [45438]: Module CAD_lib.lab10_whole_syst(struct), Instance arb, Net(s) MemSyst_Din[11]: This input has no drivers, driving zero.
# Warning: [45438]: Module CAD_lib.lab10_whole_syst(struct), Instance arb, Net(s) MemSyst_Din[12]: This input has no drivers, driving zero.
# Warning: [45438]: Module CAD_lib.lab10_whole_syst(struct), Instance arb, Net(s) MemSyst_Din[13]: This input has no drivers, driving zero.
# Warning: [45438]: Module CAD_lib.lab10_whole_syst(struct), Instance arb, Net(s) MemSyst_Din[14]: This input has no drivers, driving zero.
# Warning: [45438]: Module CAD_lib.lab10_whole_syst(struct), Instance arb, Net(s) MemSyst_Din[15]: This input has no drivers, driving zero.
# Warning: [45438]: Module CAD_lib.lab10_whole_syst(struct), Instance arb, Net(s) MemSyst_Din[16]: This input has no drivers, driving zero.
# Warning: [45438]: Module CAD_lib.lab10_whole_syst(struct), Instance arb, Net(s) MemSyst_Din[17]: This input has no drivers, driving zero.
# Warning: [45438]: Module CAD_lib.lab10_whole_syst(struct), Instance arb, Net(s) MemSyst_Din[18]: This input has no drivers, driving zero.
# Warning: [45438]: Module CAD_lib.lab10_whole_syst(struct), Instance arb, Net(s) MemSyst_Din[19]: This input has no drivers, driving zero.
# Warning: [45438]: Module CAD_lib.lab10_whole_syst(struct), Instance arb, Net(s) MemSyst_Din[20]: This input has no drivers, driving zero.
# Warning: [45438]: Module CAD_lib.lab10_whole_syst(struct), Instance arb, Net(s) MemSyst_Din[21]: This input has no drivers, driving zero.
# Warning: [45438]: Module CAD_lib.lab10_whole_syst(struct), Instance arb, Net(s) MemSyst_Din[22]: This input has no drivers, driving zero.
# Warning: [45438]: Module CAD_lib.lab10_whole_syst(struct), Instance arb, Net(s) MemSyst_Din[23]: This input has no drivers, driving zero.
# Warning: [45438]: Module CAD_lib.lab10_whole_syst(struct), Instance arb, Net(s) MemSyst_Din[24]: This input has no drivers, driving zero.
# Warning: [45438]: Module CAD_lib.lab10_whole_syst(struct), Instance arb, Net(s) MemSyst_Din[25]: This input has no drivers, driving zero.
# Warning: [45438]: Module CAD_lib.lab10_whole_syst(struct), Instance arb, Net(s) MemSyst_Din[26]: This input has no drivers, driving zero.
# Warning: [45438]: Module CAD_lib.lab10_whole_syst(struct), Instance arb, Net(s) MemSyst_Din[27]: This input has no drivers, driving zero.
# Warning: [45438]: Module CAD_lib.lab10_whole_syst(struct), Instance arb, Net(s) MemSyst_Din[28]: This input has no drivers, driving zero.
# Warning: [45438]: Module CAD_lib.lab10_whole_syst(struct), Instance arb, Net(s) MemSyst_Din[29]: This input has no drivers, driving zero.
# Warning: [45438]: Module CAD_lib.lab10_whole_syst(struct), Instance arb, Net(s) MemSyst_Din[30]: This input has no drivers, driving zero.
# Warning: [45438]: Module CAD_lib.lab10_whole_syst(struct), Instance arb, Net(s) MemSyst_Din[31]: This input has no drivers, driving zero.
# Warning: [45438]: Module CAD_lib.lab10_whole_syst(struct), Instance arb, Net(s) MStg_Din[0]: This input has no drivers, driving zero.
# Warning: [45438]: Module CAD_lib.lab10_whole_syst(struct), Instance arb, Net(s) MStg_Din[1]: This input has no drivers, driving zero.
# Warning: [45438]: Module CAD_lib.lab10_whole_syst(struct), Instance arb, Net(s) MStg_Din[2]: This input has no drivers, driving zero.
# Warning: [45438]: Module CAD_lib.lab10_whole_syst(struct), Instance arb, Net(s) MStg_Din[3]: This input has no drivers, driving zero.
# Warning: [45438]: Module CAD_lib.lab10_whole_syst(struct), Instance arb, Net(s) MStg_Din[4]: This input has no drivers, driving zero.
# Warning: [45438]: Module CAD_lib.lab10_whole_syst(struct), Instance arb, Net(s) MStg_Din[5]: This input has no drivers, driving zero.
# Warning: [45438]: Module CAD_lib.lab10_whole_syst(struct), Instance arb, Net(s) MStg_Din[6]: This input has no drivers, driving zero.
# Warning: [45438]: Module CAD_lib.lab10_whole_syst(struct), Instance arb, Net(s) MStg_Din[7]: This input has no drivers, driving zero.
# Warning: [45438]: Module CAD_lib.lab10_whole_syst(struct), Instance arb, Net(s) MStg_Din[8]: This input has no drivers, driving zero.
# Warning: [45438]: Module CAD_lib.lab10_whole_syst(struct), Instance arb, Net(s) MStg_Din[9]: This input has no drivers, driving zero.
# Warning: [45438]: Module CAD_lib.lab10_whole_syst(struct), Instance arb, Net(s) MStg_Din[10]: This input has no drivers, driving zero.
# Warning: [45438]: Module CAD_lib.lab10_whole_syst(struct), Instance arb, Net(s) MStg_Din[11]: This input has no drivers, driving zero.
# Warning: [45438]: Module CAD_lib.lab10_whole_syst(struct), Instance arb, Net(s) MStg_Din[12]: This input has no drivers, driving zero.
# Warning: [45438]: Module CAD_lib.lab10_whole_syst(struct), Instance arb, Net(s) MStg_Din[13]: This input has no drivers, driving zero.
# Warning: [45438]: Module CAD_lib.lab10_whole_syst(struct), Instance arb, Net(s) MStg_Din[14]: This input has no drivers, driving zero.
# Warning: [45438]: Module CAD_lib.lab10_whole_syst(struct), Instance arb, Net(s) MStg_Din[15]: This input has no drivers, driving zero.
# Warning: [45438]: Module CAD_lib.lab10_whole_syst(struct), Instance arb, Net(s) MStg_Din[16]: This input has no drivers, driving zero.
# Warning: [45438]: Module CAD_lib.lab10_whole_syst(struct), Instance arb, Net(s) MStg_Din[17]: This input has no drivers, driving zero.
# Warning: [45438]: Module CAD_lib.lab10_whole_syst(struct), Instance arb, Net(s) MStg_Din[18]: This input has no drivers, driving zero.
# Warning: [45438]: Module CAD_lib.lab10_whole_syst(struct), Instance arb, Net(s) MStg_Din[19]: This input has no drivers, driving zero.
# Warning: [45438]: Module CAD_lib.lab10_whole_syst(struct), Instance arb, Net(s) MStg_Din[20]: This input has no drivers, driving zero.
# Warning: [45438]: Module CAD_lib.lab10_whole_syst(struct), Instance arb, Net(s) MStg_Din[21]: This input has no drivers, driving zero.
# Warning: [45438]: Module CAD_lib.lab10_whole_syst(struct), Instance arb, Net(s) MStg_Din[22]: This input has no drivers, driving zero.
# Warning: [45438]: Module CAD_lib.lab10_whole_syst(struct), Instance arb, Net(s) MStg_Din[23]: This input has no drivers, driving zero.
# Warning: [45438]: Module CAD_lib.lab10_whole_syst(struct), Instance arb, Net(s) MStg_Din[24]: This input has no drivers, driving zero.
# Warning: [45438]: Module CAD_lib.lab10_whole_syst(struct), Instance arb, Net(s) MStg_Din[25]: This input has no drivers, driving zero.
# Warning: [45438]: Module CAD_lib.lab10_whole_syst(struct), Instance arb, Net(s) MStg_Din[26]: This input has no drivers, driving zero.
# Warning: [45438]: Module CAD_lib.lab10_whole_syst(struct), Instance arb, Net(s) MStg_Din[27]: This input has no drivers, driving zero.
# Warning: [45438]: Module CAD_lib.lab10_whole_syst(struct), Instance arb, Net(s) MStg_Din[28]: This input has no drivers, driving zero.
# Warning: [45438]: Module CAD_lib.lab10_whole_syst(struct), Instance arb, Net(s) MStg_Din[29]: This input has no drivers, driving zero.
# Warning: [45438]: Module CAD_lib.lab10_whole_syst(struct), Instance arb, Net(s) MStg_Din[30]: This input has no drivers, driving zero.
# Warning: [45438]: Module CAD_lib.lab10_whole_syst(struct), Instance arb, Net(s) MStg_Din[31]: This input has no drivers, driving zero.
# Warning: [45438]: Module CAD_lib.lab10_whole_syst(struct), Instance arb, Net(s) Mstg_Addr[0]: This input has no drivers, driving zero.
# Warning: [45438]: Module CAD_lib.lab10_whole_syst(struct), Instance arb, Net(s) Mstg_Addr[1]: This input has no drivers, driving zero.
# Warning: [45438]: Module CAD_lib.lab10_whole_syst(struct), Instance arb, Net(s) Mstg_Addr[2]: This input has no drivers, driving zero.
# Warning: [45438]: Module CAD_lib.lab10_whole_syst(struct), Instance arb, Net(s) Mstg_Addr[3]: This input has no drivers, driving zero.
# Warning: [45438]: Module CAD_lib.lab10_whole_syst(struct), Instance arb, Net(s) Mstg_Addr[4]: This input has no drivers, driving zero.
# Warning: [45438]: Module CAD_lib.lab10_whole_syst(struct), Instance arb, Net(s) Mstg_Addr[5]: This input has no drivers, driving zero.
# Warning: [45438]: Module CAD_lib.lab10_whole_syst(struct), Instance arb, Net(s) Mstg_Addr[6]: This input has no drivers, driving zero.
# Warning: [45438]: Module CAD_lib.lab10_whole_syst(struct), Instance arb, Net(s) Mstg_Addr[7]: This input has no drivers, driving zero.
# Warning: [45438]: Module CAD_lib.lab10_whole_syst(struct), Instance arb, Net(s) Mstg_Addr[8]: This input has no drivers, driving zero.
# Warning: [45438]: Module CAD_lib.lab10_whole_syst(struct), Instance arb, Net(s) Mstg_Addr[9]: This input has no drivers, driving zero.
# Warning: [45438]: Module CAD_lib.lab10_whole_syst(struct), Instance arb, Net(s) Mstg_Addr[10]: This input has no drivers, driving zero.
# Warning: [45438]: Module CAD_lib.lab10_whole_syst(struct), Instance arb, Net(s) Mstg_Addr[11]: This input has no drivers, driving zero.
# Warning: [45438]: Module CAD_lib.lab10_whole_syst(struct), Instance arb, Net(s) Mstg_Addr[12]: This input has no drivers, driving zero.
# Warning: [45438]: Module CAD_lib.lab10_whole_syst(struct), Instance arb, Net(s) Mstg_Addr[13]: This input has no drivers, driving zero.
# Warning: [45438]: Module CAD_lib.lab10_whole_syst(struct), Instance arb, Net(s) Mstg_Addr[14]: This input has no drivers, driving zero.
# Warning: [45438]: Module CAD_lib.lab10_whole_syst(struct), Instance arb, Net(s) Mstg_Addr[15]: This input has no drivers, driving zero.
# Warning: [45438]: Module CAD_lib.lab10_whole_syst(struct), Instance arb, Net(s) Mstg_Addr[16]: This input has no drivers, driving zero.
# Warning: [45438]: Module CAD_lib.lab10_whole_syst(struct), Instance arb, Net(s) Mstg_Addr[17]: This input has no drivers, driving zero.
# Warning: [45438]: Module CAD_lib.lab10_whole_syst(struct), Instance arb, Net(s) Mstg_Addr[18]: This input has no drivers, driving zero.
# Warning: [45438]: Module CAD_lib.lab10_whole_syst(struct), Instance arb, Net(s) Mstg_Addr[19]: This input has no drivers, driving zero.
# Warning: [45438]: Module CAD_lib.lab10_whole_syst(struct), Instance arb, Net(s) Mstg_Addr[20]: This input has no drivers, driving zero.
# Warning: [45438]: Module CAD_lib.lab10_whole_syst(struct), Instance arb, Net(s) Mstg_Addr[21]: This input has no drivers, driving zero.
# Warning: [45438]: Module CAD_lib.lab10_whole_syst(struct), Instance arb, Net(s) Mstg_Addr[22]: This input has no drivers, driving zero.
# Warning: [45438]: Module CAD_lib.lab10_whole_syst(struct), Instance arb, Net(s) Mstg_Addr[23]: This input has no drivers, driving zero.
# Warning: [45438]: Module CAD_lib.lab10_whole_syst(struct), Instance arb, Net(s) Mstg_Addr[24]: This input has no drivers, driving zero.
# Warning: [45438]: Module CAD_lib.lab10_whole_syst(struct), Instance arb, Net(s) Mstg_Addr[25]: This input has no drivers, driving zero.
# Warning: [45438]: Module CAD_lib.lab10_whole_syst(struct), Instance arb, Net(s) Mstg_Addr[26]: This input has no drivers, driving zero.
# Warning: [45438]: Module CAD_lib.lab10_whole_syst(struct), Instance arb, Net(s) Mstg_Addr[27]: This input has no drivers, driving zero.
# Warning: [45438]: Module CAD_lib.lab10_whole_syst(struct), Instance arb, Net(s) Mstg_Addr[28]: This input has no drivers, driving zero.
# Warning: [45438]: Module CAD_lib.lab10_whole_syst(struct), Instance arb, Net(s) Mstg_Addr[29]: This input has no drivers, driving zero.
# Warning: [45438]: Module CAD_lib.lab10_whole_syst(struct), Instance arb, Net(s) Mstg_Addr[30]: This input has no drivers, driving zero.
# Warning: [45438]: Module CAD_lib.lab10_whole_syst(struct), Instance arb, Net(s) Mstg_Addr[31]: This input has no drivers, driving zero.
# Warning: [45438]: Module CAD_lib.lab10_whole_syst(struct), Instance arb, Net(s) Fetch_addr[0]: This input has no drivers, driving zero.
# Warning: [45438]: Module CAD_lib.lab10_whole_syst(struct), Instance arb, Net(s) Fetch_addr[1]: This input has no drivers, driving zero.
# Warning: [45438]: Module CAD_lib.lab10_whole_syst(struct), Instance arb, Net(s) Fetch_addr[2]: This input has no drivers, driving zero.
# Warning: [45438]: Module CAD_lib.lab10_whole_syst(struct), Instance arb, Net(s) Fetch_addr[3]: This input has no drivers, driving zero.
# Warning: [45438]: Module CAD_lib.lab10_whole_syst(struct), Instance arb, Net(s) Fetch_addr[4]: This input has no drivers, driving zero.
# Warning: [45438]: Module CAD_lib.lab10_whole_syst(struct), Instance arb, Net(s) Fetch_addr[5]: This input has no drivers, driving zero.
# Warning: [45438]: Module CAD_lib.lab10_whole_syst(struct), Instance arb, Net(s) Fetch_addr[6]: This input has no drivers, driving zero.
# Warning: [45438]: Module CAD_lib.lab10_whole_syst(struct), Instance arb, Net(s) Fetch_addr[7]: This input has no drivers, driving zero.
# Warning: [45438]: Module CAD_lib.lab10_whole_syst(struct), Instance arb, Net(s) Fetch_addr[8]: This input has no drivers, driving zero.
# Warning: [45438]: Module CAD_lib.lab10_whole_syst(struct), Instance arb, Net(s) Fetch_addr[9]: This input has no drivers, driving zero.
# Warning: [45438]: Module CAD_lib.lab10_whole_syst(struct), Instance arb, Net(s) Fetch_addr[10]: This input has no drivers, driving zero.
# Warning: [45438]: Module CAD_lib.lab10_whole_syst(struct), Instance arb, Net(s) Fetch_addr[11]: This input has no drivers, driving zero.
# Warning: [45438]: Module CAD_lib.lab10_whole_syst(struct), Instance arb, Net(s) Fetch_addr[12]: This input has no drivers, driving zero.
# Warning: [45438]: Module CAD_lib.lab10_whole_syst(struct), Instance arb, Net(s) Fetch_addr[13]: This input has no drivers, driving zero.
# Warning: [45438]: Module CAD_lib.lab10_whole_syst(struct), Instance arb, Net(s) Fetch_addr[14]: This input has no drivers, driving zero.
# Warning: [45438]: Module CAD_lib.lab10_whole_syst(struct), Instance arb, Net(s) Fetch_addr[15]: This input has no drivers, driving zero.
# Warning: [45438]: Module CAD_lib.lab10_whole_syst(struct), Instance arb, Net(s) Fetch_addr[16]: This input has no drivers, driving zero.
# Warning: [45438]: Module CAD_lib.lab10_whole_syst(struct), Instance arb, Net(s) Fetch_addr[17]: This input has no drivers, driving zero.
# Warning: [45438]: Module CAD_lib.lab10_whole_syst(struct), Instance arb, Net(s) Fetch_addr[18]: This input has no drivers, driving zero.
# Warning: [45438]: Module CAD_lib.lab10_whole_syst(struct), Instance arb, Net(s) Fetch_addr[19]: This input has no drivers, driving zero.
# Warning: [45438]: Module CAD_lib.lab10_whole_syst(struct), Instance arb, Net(s) Fetch_addr[20]: This input has no drivers, driving zero.
# Warning: [45438]: Module CAD_lib.lab10_whole_syst(struct), Instance arb, Net(s) Fetch_addr[21]: This input has no drivers, driving zero.
# Warning: [45438]: Module CAD_lib.lab10_whole_syst(struct), Instance arb, Net(s) Fetch_addr[22]: This input has no drivers, driving zero.
# Warning: [45438]: Module CAD_lib.lab10_whole_syst(struct), Instance arb, Net(s) Fetch_addr[23]: This input has no drivers, driving zero.
# Warning: [45438]: Module CAD_lib.lab10_whole_syst(struct), Instance arb, Net(s) Fetch_addr[24]: This input has no drivers, driving zero.
# Warning: [45438]: Module CAD_lib.lab10_whole_syst(struct), Instance arb, Net(s) Fetch_addr[25]: This input has no drivers, driving zero.
# Warning: [45438]: Module CAD_lib.lab10_whole_syst(struct), Instance arb, Net(s) Fetch_addr[26]: This input has no drivers, driving zero.
# Warning: [45438]: Module CAD_lib.lab10_whole_syst(struct), Instance arb, Net(s) Fetch_addr[27]: This input has no drivers, driving zero.
# Warning: [45438]: Module CAD_lib.lab10_whole_syst(struct), Instance arb, Net(s) Fetch_addr[28]: This input has no drivers, driving zero.
# Warning: [45438]: Module CAD_lib.lab10_whole_syst(struct), Instance arb, Net(s) Fetch_addr[29]: This input has no drivers, driving zero.
# Warning: [45438]: Module CAD_lib.lab10_whole_syst(struct), Instance arb, Net(s) Fetch_addr[30]: This input has no drivers, driving zero.
# Warning: [45438]: Module CAD_lib.lab10_whole_syst(struct), Instance arb, Net(s) Fetch_addr[31]: This input has no drivers, driving zero.
# Warning: [45438]: Module CAD_lib.lab10_whole_syst(struct), Instance arb, Net(s) Mstg_w: This input has no drivers, driving zero.
# Warning: [45438]: Module CAD_lib.lab10_whole_syst(struct), Instance arb, Net(s) Mstg_r: This input has no drivers, driving zero.
# Warning: [45438]: Module CAD_lib.lab10_whole_syst(struct), Instance arb, Net(s) Fetch_r: This input has no drivers, driving zero.
# Info: [44842]: Compilation successfully completed.
# Info: [44856]: Total lines of RTL compiled: 82.
# Info: [44835]: Total CPU time for compilation: 0.4 secs.
# Info: [44513]: Overall running time for compilation: 1.0 secs.
# Info: [662]: Current working directory: C:/HDS/CAD/CAD_lib/ps/lab10_whole_syst_struct/lab10_whole_syst_struct_impl_1.
# Info: [15332]: Doing rtl optimizations.
# Info: [665]: Finished compiling design.
# Info: [662]: Current working directory: C:/HDS/CAD/CAD_lib/ps/lab10_whole_syst_struct/lab10_whole_syst_struct_impl_1.
# Info: [15002]: Optimizing design view:.cad_lib.lab10_whole_syst.struct
# Warning: [1621]: Port MemSyst_Dout(0) is connected to a disabled tristate, possibly unconnected Port in design.
# Warning: [1621]: Port MemSyst_Dout(1) is connected to a disabled tristate, possibly unconnected Port in design.
# Warning: [1621]: Port MemSyst_Dout(2) is connected to a disabled tristate, possibly unconnected Port in design.
# Warning: [1621]: Port MemSyst_Dout(3) is connected to a disabled tristate, possibly unconnected Port in design.
# Warning: [1621]: Port MemSyst_Dout(4) is connected to a disabled tristate, possibly unconnected Port in design.
# Warning: [1621]: Port MemSyst_Dout(5) is connected to a disabled tristate, possibly unconnected Port in design.
# Warning: [1621]: Port MemSyst_Dout(6) is connected to a disabled tristate, possibly unconnected Port in design.
# Warning: [1621]: Port MemSyst_Dout(7) is connected to a disabled tristate, possibly unconnected Port in design.
# Warning: [1621]: Port MemSyst_Dout(8) is connected to a disabled tristate, possibly unconnected Port in design.
# Warning: [1621]: Port MemSyst_Dout(9) is connected to a disabled tristate, possibly unconnected Port in design.
# Warning: [1621]: Port MemSyst_Dout(10) is connected to a disabled tristate, possibly unconnected Port in design.
# Warning: [1621]: Port MemSyst_Dout(11) is connected to a disabled tristate, possibly unconnected Port in design.
# Warning: [1621]: Port MemSyst_Dout(12) is connected to a disabled tristate, possibly unconnected Port in design.
# Warning: [1621]: Port MemSyst_Dout(13) is connected to a disabled tristate, possibly unconnected Port in design.
# Warning: [1621]: Port MemSyst_Dout(14) is connected to a disabled tristate, possibly unconnected Port in design.
# Warning: [1621]: Port MemSyst_Dout(15) is connected to a disabled tristate, possibly unconnected Port in design.
# Warning: [1621]: Port MemSyst_Dout(16) is connected to a disabled tristate, possibly unconnected Port in design.
# Warning: [1621]: Port MemSyst_Dout(17) is connected to a disabled tristate, possibly unconnected Port in design.
# Warning: [1621]: Port MemSyst_Dout(18) is connected to a disabled tristate, possibly unconnected Port in design.
# Warning: [1621]: Port MemSyst_Dout(19) is connected to a disabled tristate, possibly unconnected Port in design.
# Warning: [1621]: Port MemSyst_Dout(20) is connected to a disabled tristate, possibly unconnected Port in design.
# Warning: [1621]: Port MemSyst_Dout(21) is connected to a disabled tristate, possibly unconnected Port in design.
# Warning: [1621]: Port MemSyst_Dout(22) is connected to a disabled tristate, possibly unconnected Port in design.
# Warning: [1621]: Port MemSyst_Dout(23) is connected to a disabled tristate, possibly unconnected Port in design.
# Warning: [1621]: Port MemSyst_Dout(24) is connected to a disabled tristate, possibly unconnected Port in design.
# Warning: [1621]: Port MemSyst_Dout(25) is connected to a disabled tristate, possibly unconnected Port in design.
# Warning: [1621]: Port MemSyst_Dout(26) is connected to a disabled tristate, possibly unconnected Port in design.
# Warning: [1621]: Port MemSyst_Dout(27) is connected to a disabled tristate, possibly unconnected Port in design.
# Warning: [1621]: Port MemSyst_Dout(28) is connected to a disabled tristate, possibly unconnected Port in design.
# Warning: [1621]: Port MemSyst_Dout(29) is connected to a disabled tristate, possibly unconnected Port in design.
# Warning: [1621]: Port MemSyst_Dout(30) is connected to a disabled tristate, possibly unconnected Port in design.
# Warning: [1621]: Port MemSyst_Dout(31) is connected to a disabled tristate, possibly unconnected Port in design.
# Warning: [1621]: Port MemSyst_Addr(0) is connected to a disabled tristate, possibly unconnected Port in design.
# Warning: [1621]: Port MemSyst_Addr(1) is connected to a disabled tristate, possibly unconnected Port in design.
# Warning: [1621]: Port MemSyst_Addr(2) is connected to a disabled tristate, possibly unconnected Port in design.
# Warning: [1621]: Port MemSyst_Addr(3) is connected to a disabled tristate, possibly unconnected Port in design.
# Warning: [1621]: Port MemSyst_Addr(4) is connected to a disabled tristate, possibly unconnected Port in design.
# Warning: [1621]: Port MemSyst_Addr(5) is connected to a disabled tristate, possibly unconnected Port in design.
# Warning: [1621]: Port MemSyst_Addr(6) is connected to a disabled tristate, possibly unconnected Port in design.
# Warning: [1621]: Port MemSyst_Addr(7) is connected to a disabled tristate, possibly unconnected Port in design.
# Warning: [1621]: Port MemSyst_Addr(8) is connected to a disabled tristate, possibly unconnected Port in design.
# Warning: [1621]: Port MemSyst_Addr(9) is connected to a disabled tristate, possibly unconnected Port in design.
# Warning: [1621]: Port MemSyst_Addr(10) is connected to a disabled tristate, possibly unconnected Port in design.
# Warning: [1621]: Port MemSyst_Addr(11) is connected to a disabled tristate, possibly unconnected Port in design.
# Warning: [1621]: Port MemSyst_Addr(12) is connected to a disabled tristate, possibly unconnected Port in design.
# Warning: [1621]: Port MemSyst_Addr(13) is connected to a disabled tristate, possibly unconnected Port in design.
# Warning: [1621]: Port MemSyst_Addr(14) is connected to a disabled tristate, possibly unconnected Port in design.
# Warning: [1621]: Port MemSyst_Addr(15) is connected to a disabled tristate, possibly unconnected Port in design.
# Warning: [1621]: Port MemSyst_Addr(16) is connected to a disabled tristate, possibly unconnected Port in design.
# Warning: [1621]: Port MemSyst_Addr(17) is connected to a disabled tristate, possibly unconnected Port in design.
# Warning: [1621]: Port MemSyst_Addr(18) is connected to a disabled tristate, possibly unconnected Port in design.
# Warning: [1621]: Port MemSyst_Addr(19) is connected to a disabled tristate, possibly unconnected Port in design.
# Warning: [1621]: Port MemSyst_Addr(20) is connected to a disabled tristate, possibly unconnected Port in design.
# Warning: [1621]: Port MemSyst_Addr(21) is connected to a disabled tristate, possibly unconnected Port in design.
# Warning: [1621]: Port MemSyst_Addr(22) is connected to a disabled tristate, possibly unconnected Port in design.
# Warning: [1621]: Port MemSyst_Addr(23) is connected to a disabled tristate, possibly unconnected Port in design.
# Warning: [1621]: Port MemSyst_Addr(24) is connected to a disabled tristate, possibly unconnected Port in design.
# Warning: [1621]: Port MemSyst_Addr(25) is connected to a disabled tristate, possibly unconnected Port in design.
# Warning: [1621]: Port MemSyst_Addr(26) is connected to a disabled tristate, possibly unconnected Port in design.
# Warning: [1621]: Port MemSyst_Addr(27) is connected to a disabled tristate, possibly unconnected Port in design.
# Warning: [1621]: Port MemSyst_Addr(28) is connected to a disabled tristate, possibly unconnected Port in design.
# Warning: [1621]: Port MemSyst_Addr(29) is connected to a disabled tristate, possibly unconnected Port in design.
# Warning: [1621]: Port MemSyst_Addr(30) is connected to a disabled tristate, possibly unconnected Port in design.
# Warning: [1621]: Port MemSyst_Addr(31) is connected to a disabled tristate, possibly unconnected Port in design.
# Info: [8010]: Gated clock transformations: Begin...
# Info: [8010]: Gated clock transformations: End...
# Info: [3027]: Writing file: C:/HDS/CAD/CAD_lib/ps/lab10_whole_syst_struct/lab10_whole_syst_struct_impl_1/lab10_whole_syst.edf.
# Info: [3027]: Writing file: C:/HDS/CAD/CAD_lib/ps/lab10_whole_syst_struct/lab10_whole_syst_struct_impl_1/lab10_whole_syst.ucf.
# Info: ***********************************************
# Info: Device Utilization for 3S50tq144
# Info: ***************************************************************
# Info: Resource                          Used    Avail   Utilization
# Info: ---------------------------------------------------------------
# Info: IOs                               98      97      101.03%
# Info: Global Buffers                    0       8         0.00%
# Info: LUTs                              0       1536      0.00%
# Info: CLB Slices                        0       768       0.00%
# Info: Dffs or Latches                   0       1827      0.00%
# Info: Block RAMs                        0       4         0.00%
# Info: Block Multipliers                 0       4         0.00%
# Info: Block Multiplier Dffs             0       144       0.00%
# Info: ---------------------------------------------------------------
# Warning: This design does not fit in the device specified!
# Info: Recommending to try an alternate device 3S200ft256
# Info: ***********************************************
# Info: [665]: Finished synthesizing design.
# Info: [11019]: Total CPU time for synthesis: 0.1 s secs.
# Info: [11020]: Overall running time for synthesis: 0.2 s secs.
# Info: HDL Designer Synthesis run finished
source C:/HDS/CAD/CAD_lib/ps/lab10_whole_syst_struct/hds/precision.tcl
# COMMAND: exit -force
# Warning: [9526]: Discarded unsaved work in implementation lab10_whole_syst_struct_impl_1.
# Info: [9568]: Appending project transcript to file C:/HDS/CAD/CAD_lib/ps/lab10_whole_syst_struct/lab10_whole_syst_struct_impl_1/precision.log
# Info: [9568]: Appending suppressed messages transcript to file C:/HDS/CAD/CAD_lib/ps/lab10_whole_syst_struct/lab10_whole_syst_struct_impl_1/precision.log.suppressed
# Info: [9552]: Activated implementation lab10_whole_syst_struct_impl_1 in project C:/HDS/CAD/CAD_lib/ps/lab10_whole_syst_struct/lab10_whole_syst_struct.psp.
# Info: [9531]: Created directory: C:/HDS/CAD/CAD_lib/ps/lab10_whole_syst_struct/lab10_whole_syst_struct_impl_2.
# Info: [9557]: Created implementation lab10_whole_syst_struct_impl_2 in project C:/HDS/CAD/CAD_lib/ps/lab10_whole_syst_struct/lab10_whole_syst_struct.psp.
