# Info: [9569]: Logging session transcript to file C:/MentorGraphics/HDS_2018.2/bin/precision.log
//  Precision RTL Synthesis 64-bit 2018.1.0.19 (Production Release) Fri Aug 10 05:55:53 PDT 2018
//  
//  Copyright (c) Mentor Graphics Corporation, 1996-2018, All Rights Reserved.
//             Portions copyright 1991-2008 Compuware Corporation
//                       UNPUBLISHED, LICENSED SOFTWARE.
//            CONFIDENTIAL AND PROPRIETARY INFORMATION WHICH IS THE
//          PROPERTY OF MENTOR GRAPHICS CORPORATION OR ITS LICENSORS
//  
//  Running on Windows 10 W@DESKTOP-86TQKQ1  10.0.19041 x64
//  
//  Start time Mon Feb 22 05:11:20 2021
# -------------------------------------------------
# Info: [9569]: Logging session transcript to file C:/MentorGraphics/HDS_2018.2/bin/precision.log
# COMMAND: source C:/HDS/CAD/CAD_lib/ps/mem/hds/precision.tcl
# Info: HDL Designer Synthesis run started
# Info: [9577]: Input directory: C:/HDS/CAD/CAD_lib/ps/mem
# Info: [9572]: Moving session transcript to file C:/HDS/CAD/CAD_lib/ps/mem/precision.log
# Info: [9578]: The Results Directory has been set to: C:/HDS/CAD/CAD_lib/ps/mem/mem_impl_5/
# Info: [9568]: Appending project transcript to file C:/HDS/CAD/CAD_lib/ps/mem/mem_impl_5/precision.log
# Info: [9568]: Appending suppressed messages transcript to file C:/HDS/CAD/CAD_lib/ps/mem/mem_impl_5/precision.log.suppressed
# Info: [9552]: Activated implementation mem_impl_5 in project C:/HDS/CAD/CAD_lib/ps/mem/mem.psp.
# Info: [9531]: Created directory: C:/HDS/CAD/CAD_lib/ps/mem/mem_impl_6.
# Info: [9557]: Created implementation mem_impl_6 in project C:/HDS/CAD/CAD_lib/ps/mem/mem.psp.
# Info: [9578]: The Results Directory has been set to: C:/HDS/CAD/CAD_lib/ps/mem/mem_impl_6/
# Info: [9569]: Logging project transcript to file C:/HDS/CAD/CAD_lib/ps/mem/mem_impl_6/precision.log
# Info: [9569]: Logging suppressed messages transcript to file C:/HDS/CAD/CAD_lib/ps/mem/mem_impl_6/precision.log.suppressed
# Info: [9552]: Activated implementation mem_impl_6 in project C:/HDS/CAD/CAD_lib/ps/mem/mem.psp.
# Info: [15300]: Setting up the design to use synthesis library "maxv.syn"
# Info: [580]: The global max fanout is currently set to 1000 for Altera - MAX V .
# Info: [15326]: Setting Part to: "5M2210ZF324A".
# Info: [15327]: Setting Process to: "5".
# Info: [3022]: Reading file: C:/MentorGraphics/PS2018.1_64-bit/Mgc_home/pkgs/psr/techlibs/maxv.syn.
# Info: [639]: Loading library initialization file C:/MentorGraphics/PS2018.1_64-bit/Mgc_home/pkgs/psr/userware/yeager_rename.tcl
# Info: [40000]: vhdlorder, Release 2018a.17
# Info: [40000]: Files sorted successfully.
# Info: [40000]: hdl-analyze, Release RTLC-Precision 2018a.17
# Info: [42502]: Analyzing input file "C:/HDS/CAD/CAD_lib/hdl/mem_delay_behav.vhd" ...
# Info: [42502]: Analyzing input file "C:/HDS/CAD/CAD_lib/hdl/mdata_behav.vhd" ...
# Info: [42502]: Analyzing input file "C:/HDS/CAD/CAD_lib/hdl/mem_behave.vhd" ...
# Error: [42605]: "C:/HDS/CAD/CAD_lib/hdl/mem_behave.vhd", line 52: Generic and Generic Map does not match
# Error: [40008]: HDL analysis failed.
# Info: HDL Designer Synthesis run finished
source C:/HDS/CAD/CAD_lib/ps/mem/hds/precision.tcl
# COMMAND: exit -force
# Warning: [9526]: Discarded unsaved work in implementation mem_impl_6.
# Info: [9530]: Closed project: C:/HDS/CAD/CAD_lib/ps/mem/mem.psp.
close_project -discard
exit -force
